[debug] [2022-05-31T17:34:11.902Z] ----------------------------------------------------------------------
[debug] [2022-05-31T17:34:11.904Z] Command:       /usr/bin/node /usr/bin/firebase deploy
[debug] [2022-05-31T17:34:11.905Z] CLI Version:   11.0.1
[debug] [2022-05-31T17:34:11.905Z] Platform:      linux
[debug] [2022-05-31T17:34:11.905Z] Node Version:  v16.15.0
[debug] [2022-05-31T17:34:11.905Z] Time:          Tue May 31 2022 14:34:11 GMT-0300 (Horário Padrão de Brasília)
[debug] [2022-05-31T17:34:11.906Z] ----------------------------------------------------------------------
[debug] 
[debug] [2022-05-31T17:34:11.962Z] > command requires scopes: ["email","openid","https://www.googleapis.com/auth/cloudplatformprojects.readonly","https://www.googleapis.com/auth/firebase","https://www.googleapis.com/auth/cloud-platform"]
[debug] [2022-05-31T17:34:11.962Z] > authorizing via signed-in user (wis.tech7l@gmail.com)
[debug] [2022-05-31T17:34:11.962Z] [iam] checking project poc-store-api-v2 for permissions ["cloudfunctions.functions.create","cloudfunctions.functions.delete","cloudfunctions.functions.get","cloudfunctions.functions.list","cloudfunctions.functions.update","cloudfunctions.operations.get","firebase.projects.get"]
[debug] [2022-05-31T17:34:11.964Z] >>> [apiv2][query] POST https://cloudresourcemanager.googleapis.com/v1/projects/poc-store-api-v2:testIamPermissions [none]
[debug] [2022-05-31T17:34:11.964Z] >>> [apiv2][body] POST https://cloudresourcemanager.googleapis.com/v1/projects/poc-store-api-v2:testIamPermissions {"permissions":["cloudfunctions.functions.create","cloudfunctions.functions.delete","cloudfunctions.functions.get","cloudfunctions.functions.list","cloudfunctions.functions.update","cloudfunctions.operations.get","firebase.projects.get"]}
[debug] [2022-05-31T17:34:17.906Z] <<< [apiv2][status] POST https://cloudresourcemanager.googleapis.com/v1/projects/poc-store-api-v2:testIamPermissions 200
[debug] [2022-05-31T17:34:17.907Z] <<< [apiv2][body] POST https://cloudresourcemanager.googleapis.com/v1/projects/poc-store-api-v2:testIamPermissions {"permissions":["cloudfunctions.functions.create","cloudfunctions.functions.delete","cloudfunctions.functions.get","cloudfunctions.functions.list","cloudfunctions.functions.update","cloudfunctions.operations.get","firebase.projects.get"]}
[debug] [2022-05-31T17:34:17.908Z] >>> [apiv2][query] POST https://iam.googleapis.com/v1/projects/poc-store-api-v2/serviceAccounts/poc-store-api-v2@appspot.gserviceaccount.com:testIamPermissions [none]
[debug] [2022-05-31T17:34:17.908Z] >>> [apiv2][body] POST https://iam.googleapis.com/v1/projects/poc-store-api-v2/serviceAccounts/poc-store-api-v2@appspot.gserviceaccount.com:testIamPermissions {"permissions":["iam.serviceAccounts.actAs"]}
[debug] [2022-05-31T17:34:18.859Z] <<< [apiv2][status] POST https://iam.googleapis.com/v1/projects/poc-store-api-v2/serviceAccounts/poc-store-api-v2@appspot.gserviceaccount.com:testIamPermissions 200
[debug] [2022-05-31T17:34:18.859Z] <<< [apiv2][body] POST https://iam.googleapis.com/v1/projects/poc-store-api-v2/serviceAccounts/poc-store-api-v2@appspot.gserviceaccount.com:testIamPermissions {"permissions":["iam.serviceAccounts.actAs"]}
[info] 
[info] === Deploying to 'poc-store-api-v2'...
[info] 
[info] i  deploying functions 
[info] Running command: npm --prefix "$RESOURCE_DIR" run lint
[info] Running command: npm --prefix "$RESOURCE_DIR" run build
[info] ✔  functions: Finished running predeploy script. 
[debug] [2022-05-31T17:34:31.635Z] >>> [apiv2][query] GET https://firebase.googleapis.com/v1beta1/projects/poc-store-api-v2 [none]
[debug] [2022-05-31T17:34:37.140Z] <<< [apiv2][status] GET https://firebase.googleapis.com/v1beta1/projects/poc-store-api-v2 200
[debug] [2022-05-31T17:34:37.141Z] <<< [apiv2][body] GET https://firebase.googleapis.com/v1beta1/projects/poc-store-api-v2 {"projectId":"poc-store-api-v2","projectNumber":"995101038353","displayName":"poc-store-api-v2","name":"projects/poc-store-api-v2","resources":{"hostingSite":"poc-store-api-v2","storageBucket":"poc-store-api-v2.appspot.com","locationId":"southamerica-east1"},"state":"ACTIVE"}
[info] i  functions: ensuring required API cloudfunctions.googleapis.com is enabled... 
[info] i  functions: ensuring required API cloudbuild.googleapis.com is enabled... 
[debug] [2022-05-31T17:34:37.149Z] >>> [apiv2][query] GET https://serviceusage.googleapis.com/v1/projects/poc-store-api-v2/services/cloudfunctions.googleapis.com [none]
[debug] [2022-05-31T17:34:37.156Z] >>> [apiv2][query] GET https://serviceusage.googleapis.com/v1/projects/poc-store-api-v2/services/runtimeconfig.googleapis.com [none]
[debug] [2022-05-31T17:34:37.161Z] >>> [apiv2][query] GET https://serviceusage.googleapis.com/v1/projects/poc-store-api-v2/services/cloudbuild.googleapis.com [none]
[debug] [2022-05-31T17:34:37.166Z] >>> [apiv2][query] GET https://serviceusage.googleapis.com/v1/projects/poc-store-api-v2/services/artifactregistry.googleapis.com [none]
[debug] [2022-05-31T17:34:38.662Z] <<< [apiv2][status] GET https://serviceusage.googleapis.com/v1/projects/poc-store-api-v2/services/cloudbuild.googleapis.com 200
[debug] [2022-05-31T17:34:38.663Z] <<< [apiv2][body] GET https://serviceusage.googleapis.com/v1/projects/poc-store-api-v2/services/cloudbuild.googleapis.com [omitted]
[info] ✔  functions: required API cloudbuild.googleapis.com is enabled 
[debug] [2022-05-31T17:34:38.665Z] <<< [apiv2][status] GET https://serviceusage.googleapis.com/v1/projects/poc-store-api-v2/services/runtimeconfig.googleapis.com 200
[debug] [2022-05-31T17:34:38.666Z] <<< [apiv2][body] GET https://serviceusage.googleapis.com/v1/projects/poc-store-api-v2/services/runtimeconfig.googleapis.com [omitted]
[debug] [2022-05-31T17:34:38.676Z] <<< [apiv2][status] GET https://serviceusage.googleapis.com/v1/projects/poc-store-api-v2/services/artifactregistry.googleapis.com 200
[debug] [2022-05-31T17:34:38.677Z] <<< [apiv2][body] GET https://serviceusage.googleapis.com/v1/projects/poc-store-api-v2/services/artifactregistry.googleapis.com [omitted]
[debug] [2022-05-31T17:34:43.340Z] <<< [apiv2][status] GET https://serviceusage.googleapis.com/v1/projects/poc-store-api-v2/services/cloudfunctions.googleapis.com 200
[debug] [2022-05-31T17:34:43.341Z] <<< [apiv2][body] GET https://serviceusage.googleapis.com/v1/projects/poc-store-api-v2/services/cloudfunctions.googleapis.com [omitted]
[info] ✔  functions: required API cloudfunctions.googleapis.com is enabled 
[debug] [2022-05-31T17:34:43.343Z] >>> [apiv2][query] GET https://firebase.googleapis.com/v1beta1/projects/poc-store-api-v2/adminSdkConfig [none]
[debug] [2022-05-31T17:34:44.563Z] <<< [apiv2][status] GET https://firebase.googleapis.com/v1beta1/projects/poc-store-api-v2/adminSdkConfig 200
[debug] [2022-05-31T17:34:44.563Z] <<< [apiv2][body] GET https://firebase.googleapis.com/v1beta1/projects/poc-store-api-v2/adminSdkConfig {"projectId":"poc-store-api-v2","storageBucket":"poc-store-api-v2.appspot.com","locationId":"southamerica-east1"}
[debug] [2022-05-31T17:34:44.565Z] >>> [apiv2][query] GET https://runtimeconfig.googleapis.com/v1beta1/projects/poc-store-api-v2/configs [none]
[debug] [2022-05-31T17:34:46.103Z] <<< [apiv2][status] GET https://runtimeconfig.googleapis.com/v1beta1/projects/poc-store-api-v2/configs 200
[debug] [2022-05-31T17:34:46.103Z] <<< [apiv2][body] GET https://runtimeconfig.googleapis.com/v1beta1/projects/poc-store-api-v2/configs {}
[info] i  functions: preparing codebase default for deployment 
[debug] [2022-05-31T17:34:46.112Z] Validating nodejs source
[debug] [2022-05-31T17:34:52.306Z] > [functions] package.json contents: {
  "name": "functions",
  "scripts": {
    "lint": "eslint --ext .js,.ts .",
    "build": "tsc",
    "build:watch": "tsc --watch",
    "serve": "npm run build && firebase emulators:start --only functions",
    "shell": "npm run build && firebase functions:shell",
    "start": "npm run shell",
    "deploy": "firebase deploy --only functions",
    "logs": "firebase functions:log"
  },
  "engines": {
    "node": "16"
  },
  "main": "lib/index.js",
  "dependencies": {
    "axios": "^0.27.2",
    "fastify": "^3.29.0",
    "firebase-admin": "^10.0.2",
    "firebase-functions": "^3.18.0",
    "http": "^0.0.1-security"
  },
  "devDependencies": {
    "@typescript-eslint/eslint-plugin": "^5.12.0",
    "@typescript-eslint/parser": "^5.12.0",
    "eslint": "^8.9.0",
    "eslint-config-google": "^0.14.0",
    "eslint-plugin-import": "^2.25.4",
    "firebase-functions-test": "^0.2.0",
    "typescript": "^4.5.4"
  },
  "private": true
}
[debug] [2022-05-31T17:34:52.306Z] Building nodejs source
[info] i  functions: Loaded environment variables from .env. 
[debug] [2022-05-31T17:34:52.308Z] Analyzing nodejs backend spec
[debug] [2022-05-31T17:34:52.309Z] Could not find functions.yaml. Must use http discovery
[debug] [2022-05-31T17:34:52.502Z] Serving at port 9005

[debug] [2022-05-31T17:34:52.566Z] Got response from /__/functions.yaml {"endpoints":{"server":{"platform":"gcfv1","region":["southamerica-east1","us-east1"],"httpsTrigger":{},"entryPoint":"server"}},"specVersion":"v1alpha1","requiredAPIs":[]}
[debug] [2022-05-31T17:34:52.577Z] shutdown requested via /__/quitquitquit

[info] i  functions: preparing functions directory for uploading... 
[info] i  functions: packaged /home/wisley/meus_projetos/PoC-firebase/functions (111.86 KB) for uploading 
[debug] [2022-05-31T17:34:52.669Z] >>> [apiv2][query] GET https://cloudfunctions.googleapis.com/v1/projects/poc-store-api-v2/locations/-/functions [none]
[debug] [2022-05-31T17:34:54.273Z] <<< [apiv2][status] GET https://cloudfunctions.googleapis.com/v1/projects/poc-store-api-v2/locations/-/functions 200
[debug] [2022-05-31T17:34:54.273Z] <<< [apiv2][body] GET https://cloudfunctions.googleapis.com/v1/projects/poc-store-api-v2/locations/-/functions {}
[debug] [2022-05-31T17:34:54.275Z] >>> [apiv2][query] GET https://cloudfunctions.googleapis.com/v2alpha/projects/poc-store-api-v2/locations/-/functions [none]
[debug] [2022-05-31T17:34:56.029Z] <<< [apiv2][status] GET https://cloudfunctions.googleapis.com/v2alpha/projects/poc-store-api-v2/locations/-/functions 200
[debug] [2022-05-31T17:34:56.029Z] <<< [apiv2][body] GET https://cloudfunctions.googleapis.com/v2alpha/projects/poc-store-api-v2/locations/-/functions {}
[debug] [2022-05-31T17:34:56.061Z] >>> [apiv2][query] GET https://firebase.googleapis.com/v1beta1/projects/poc-store-api-v2 [none]
[debug] [2022-05-31T17:34:57.223Z] <<< [apiv2][status] GET https://firebase.googleapis.com/v1beta1/projects/poc-store-api-v2 200
[debug] [2022-05-31T17:34:57.224Z] <<< [apiv2][body] GET https://firebase.googleapis.com/v1beta1/projects/poc-store-api-v2 {"projectId":"poc-store-api-v2","projectNumber":"995101038353","displayName":"poc-store-api-v2","name":"projects/poc-store-api-v2","resources":{"hostingSite":"poc-store-api-v2","storageBucket":"poc-store-api-v2.appspot.com","locationId":"southamerica-east1"},"state":"ACTIVE"}
[debug] [2022-05-31T17:34:57.225Z] >>> [apiv2][query] GET https://firebase.googleapis.com/v1beta1/projects/poc-store-api-v2 [none]
[debug] [2022-05-31T17:34:57.770Z] <<< [apiv2][status] GET https://firebase.googleapis.com/v1beta1/projects/poc-store-api-v2 200
[debug] [2022-05-31T17:34:57.771Z] <<< [apiv2][body] GET https://firebase.googleapis.com/v1beta1/projects/poc-store-api-v2 {"projectId":"poc-store-api-v2","projectNumber":"995101038353","displayName":"poc-store-api-v2","name":"projects/poc-store-api-v2","resources":{"hostingSite":"poc-store-api-v2","storageBucket":"poc-store-api-v2.appspot.com","locationId":"southamerica-east1"},"state":"ACTIVE"}
[debug] [2022-05-31T17:34:57.773Z] [functions] found 2 new HTTP functions, testing setIamPolicy permission...
[debug] [2022-05-31T17:34:57.774Z] >>> [apiv2][query] POST https://cloudresourcemanager.googleapis.com/v1/projects/poc-store-api-v2:testIamPermissions [none]
[debug] [2022-05-31T17:34:57.774Z] >>> [apiv2][body] POST https://cloudresourcemanager.googleapis.com/v1/projects/poc-store-api-v2:testIamPermissions {"permissions":["cloudfunctions.functions.setIamPolicy"]}
[debug] [2022-05-31T17:35:03.710Z] <<< [apiv2][status] POST https://cloudresourcemanager.googleapis.com/v1/projects/poc-store-api-v2:testIamPermissions 200
[debug] [2022-05-31T17:35:03.711Z] <<< [apiv2][body] POST https://cloudresourcemanager.googleapis.com/v1/projects/poc-store-api-v2:testIamPermissions {"permissions":["cloudfunctions.functions.setIamPolicy"]}
[debug] [2022-05-31T17:35:03.711Z] [functions] found setIamPolicy permission, proceeding with deploy
[debug] [2022-05-31T17:35:03.714Z] >>> [apiv2][query] POST https://cloudfunctions.googleapis.com/v1/projects/poc-store-api-v2/locations/southamerica-east1/functions:generateUploadUrl [none]
[debug] [2022-05-31T17:35:03.715Z] >>> [apiv2][body] POST https://cloudfunctions.googleapis.com/v1/projects/poc-store-api-v2/locations/southamerica-east1/functions:generateUploadUrl {}
[debug] [2022-05-31T17:35:05.248Z] <<< [apiv2][status] POST https://cloudfunctions.googleapis.com/v1/projects/poc-store-api-v2/locations/southamerica-east1/functions:generateUploadUrl 200
[debug] [2022-05-31T17:35:05.249Z] <<< [apiv2][body] POST https://cloudfunctions.googleapis.com/v1/projects/poc-store-api-v2/locations/southamerica-east1/functions:generateUploadUrl {"uploadUrl":"https://storage.googleapis.com/uploads-549346555818.southamerica-east1.cloudfunctions.appspot.com/522a842b-d39d-40e8-872d-273fcb6eb8b7.zip?GoogleAccessId=service-995101038353@gcf-admin-robot.iam.gserviceaccount.com&Expires=1654020304&Signature=qjRGjMH1rPSZngNGQDf7ewa%2FTvtiEU9CFkoL%2FtpX93INCcR1uPcZJB%2F3ceXIvbfObIuH8K5xmavysZGq%2FX4WHktYp6cVr9dmeyDwBwpcQ7wbjkPFZp76FAt%2FK2w6vHdLhm%2BTytxw2f6qMo0349s4egr%2FLjhYI7C7vWmFfiUQfpHSBvzLFHD7xce%2BL6pN5DmBFTnJY%2BhWPhj89Bi5RCJmEoV28BqKtYWQzcQYQseTPHW5zzIhqVBBegjmuOxeDh%2FcjP2D%2F4FKHQXjSgUvH0YiX4n1LEtYArIJnAj1FuURhCkc6w%2FdU1S6bT9p2hIh3LKv9KxS1%2FY4GQ2XNShbqiv2aw%3D%3D"}
[debug] [2022-05-31T17:35:05.254Z] >>> [apiv2][query] PUT https://storage.googleapis.com/uploads-549346555818.southamerica-east1.cloudfunctions.appspot.com/522a842b-d39d-40e8-872d-273fcb6eb8b7.zip GoogleAccessId=service-995101038353%40gcf-admin-robot.iam.gserviceaccount.com&Expires=1654020304&Signature=qjRGjMH1rPSZngNGQDf7ewa%2FTvtiEU9CFkoL%2FtpX93INCcR1uPcZJB%2F3ceXIvbfObIuH8K5xmavysZGq%2FX4WHktYp6cVr9dmeyDwBwpcQ7wbjkPFZp76FAt%2FK2w6vHdLhm%2BTytxw2f6qMo0349s4egr%2FLjhYI7C7vWmFfiUQfpHSBvzLFHD7xce%2BL6pN5DmBFTnJY%2BhWPhj89Bi5RCJmEoV28BqKtYWQzcQYQseTPHW5zzIhqVBBegjmuOxeDh%2FcjP2D%2F4FKHQXjSgUvH0YiX4n1LEtYArIJnAj1FuURhCkc6w%2FdU1S6bT9p2hIh3LKv9KxS1%2FY4GQ2XNShbqiv2aw%3D%3D
[debug] [2022-05-31T17:35:05.254Z] >>> [apiv2][body] PUT https://storage.googleapis.com/uploads-549346555818.southamerica-east1.cloudfunctions.appspot.com/522a842b-d39d-40e8-872d-273fcb6eb8b7.zip [stream]
[debug] [2022-05-31T17:35:05.662Z] <<< [apiv2][status] PUT https://storage.googleapis.com/uploads-549346555818.southamerica-east1.cloudfunctions.appspot.com/522a842b-d39d-40e8-872d-273fcb6eb8b7.zip 200
[debug] [2022-05-31T17:35:05.663Z] <<< [apiv2][body] PUT https://storage.googleapis.com/uploads-549346555818.southamerica-east1.cloudfunctions.appspot.com/522a842b-d39d-40e8-872d-273fcb6eb8b7.zip [omitted]
[info] ✔  functions: functions folder uploaded successfully 
[info] i  functions: creating Node.js 16 function server(southamerica-east1)... 
[info] i  functions: creating Node.js 16 function server(us-east1)... 
[debug] [2022-05-31T17:35:05.685Z] >>> [apiv2][query] POST https://cloudfunctions.googleapis.com/v1/projects/poc-store-api-v2/locations/southamerica-east1/functions [none]
[debug] [2022-05-31T17:35:05.686Z] >>> [apiv2][body] POST https://cloudfunctions.googleapis.com/v1/projects/poc-store-api-v2/locations/southamerica-east1/functions {"name":"projects/poc-store-api-v2/locations/southamerica-east1/functions/server","sourceUploadUrl":"https://storage.googleapis.com/uploads-549346555818.southamerica-east1.cloudfunctions.appspot.com/522a842b-d39d-40e8-872d-273fcb6eb8b7.zip?GoogleAccessId=service-995101038353@gcf-admin-robot.iam.gserviceaccount.com&Expires=1654020304&Signature=qjRGjMH1rPSZngNGQDf7ewa%2FTvtiEU9CFkoL%2FtpX93INCcR1uPcZJB%2F3ceXIvbfObIuH8K5xmavysZGq%2FX4WHktYp6cVr9dmeyDwBwpcQ7wbjkPFZp76FAt%2FK2w6vHdLhm%2BTytxw2f6qMo0349s4egr%2FLjhYI7C7vWmFfiUQfpHSBvzLFHD7xce%2BL6pN5DmBFTnJY%2BhWPhj89Bi5RCJmEoV28BqKtYWQzcQYQseTPHW5zzIhqVBBegjmuOxeDh%2FcjP2D%2F4FKHQXjSgUvH0YiX4n1LEtYArIJnAj1FuURhCkc6w%2FdU1S6bT9p2hIh3LKv9KxS1%2FY4GQ2XNShbqiv2aw%3D%3D","entryPoint":"server","runtime":"nodejs16","labels":{"deployment-tool":"cli-firebase"},"httpsTrigger":{"securityLevel":"SECURE_ALWAYS"},"environmentVariables":{"STOREID":"1173","MYID":"61f88b887963422eeee1589f","APIKEYV1":"4caf7d84184f3a9333526ff0ac182652bb2514e5c70ceda6db4f02ae728ff241cf6596ce4dfcfed27890c4029004508cee936b7c5e4d2031f7b585cf1dda8bd0","REGION":"southamerica-east1","FIREBASE_CONFIG":"{\"projectId\":\"poc-store-api-v2\",\"storageBucket\":\"poc-store-api-v2.appspot.com\",\"locationId\":\"southamerica-east1\"}","GCLOUD_PROJECT":"poc-store-api-v2"}}
[debug] [2022-05-31T17:35:05.692Z] >>> [apiv2][query] POST https://cloudfunctions.googleapis.com/v1/projects/poc-store-api-v2/locations/us-east1/functions [none]
[debug] [2022-05-31T17:35:05.693Z] >>> [apiv2][body] POST https://cloudfunctions.googleapis.com/v1/projects/poc-store-api-v2/locations/us-east1/functions {"name":"projects/poc-store-api-v2/locations/us-east1/functions/server","sourceUploadUrl":"https://storage.googleapis.com/uploads-549346555818.southamerica-east1.cloudfunctions.appspot.com/522a842b-d39d-40e8-872d-273fcb6eb8b7.zip?GoogleAccessId=service-995101038353@gcf-admin-robot.iam.gserviceaccount.com&Expires=1654020304&Signature=qjRGjMH1rPSZngNGQDf7ewa%2FTvtiEU9CFkoL%2FtpX93INCcR1uPcZJB%2F3ceXIvbfObIuH8K5xmavysZGq%2FX4WHktYp6cVr9dmeyDwBwpcQ7wbjkPFZp76FAt%2FK2w6vHdLhm%2BTytxw2f6qMo0349s4egr%2FLjhYI7C7vWmFfiUQfpHSBvzLFHD7xce%2BL6pN5DmBFTnJY%2BhWPhj89Bi5RCJmEoV28BqKtYWQzcQYQseTPHW5zzIhqVBBegjmuOxeDh%2FcjP2D%2F4FKHQXjSgUvH0YiX4n1LEtYArIJnAj1FuURhCkc6w%2FdU1S6bT9p2hIh3LKv9KxS1%2FY4GQ2XNShbqiv2aw%3D%3D","entryPoint":"server","runtime":"nodejs16","labels":{"deployment-tool":"cli-firebase"},"httpsTrigger":{"securityLevel":"SECURE_ALWAYS"},"environmentVariables":{"STOREID":"1173","MYID":"61f88b887963422eeee1589f","APIKEYV1":"4caf7d84184f3a9333526ff0ac182652bb2514e5c70ceda6db4f02ae728ff241cf6596ce4dfcfed27890c4029004508cee936b7c5e4d2031f7b585cf1dda8bd0","REGION":"southamerica-east1","FIREBASE_CONFIG":"{\"projectId\":\"poc-store-api-v2\",\"storageBucket\":\"poc-store-api-v2.appspot.com\",\"locationId\":\"southamerica-east1\"}","GCLOUD_PROJECT":"poc-store-api-v2"}}
[debug] [2022-05-31T17:35:07.088Z] <<< [apiv2][status] POST https://cloudfunctions.googleapis.com/v1/projects/poc-store-api-v2/locations/us-east1/functions 200
[debug] [2022-05-31T17:35:07.088Z] <<< [apiv2][body] POST https://cloudfunctions.googleapis.com/v1/projects/poc-store-api-v2/locations/us-east1/functions {"name":"operations/cG9jLXN0b3JlLWFwaS12Mi91cy1lYXN0MS9zZXJ2ZXIvVkNTWFBNeU1KdEk","metadata":{"@type":"type.googleapis.com/google.cloud.functions.v1.OperationMetadataV1","target":"projects/poc-store-api-v2/locations/us-east1/functions/server","type":"CREATE_FUNCTION","request":{"@type":"type.googleapis.com/google.cloud.functions.v1.CloudFunction","name":"projects/poc-store-api-v2/locations/us-east1/functions/server","httpsTrigger":{"securityLevel":"SECURE_ALWAYS"},"entryPoint":"server","labels":{"deployment-tool":"cli-firebase"},"sourceUploadUrl":"https://storage.googleapis.com/uploads-549346555818.southamerica-east1.cloudfunctions.appspot.com/522a842b-d39d-40e8-872d-273fcb6eb8b7.zip?GoogleAccessId=service-995101038353@gcf-admin-robot.iam.gserviceaccount.com&Expires=1654020304&Signature=qjRGjMH1rPSZngNGQDf7ewa%2FTvtiEU9CFkoL%2FtpX93INCcR1uPcZJB%2F3ceXIvbfObIuH8K5xmavysZGq%2FX4WHktYp6cVr9dmeyDwBwpcQ7wbjkPFZp76FAt%2FK2w6vHdLhm%2BTytxw2f6qMo0349s4egr%2FLjhYI7C7vWmFfiUQfpHSBvzLFHD7xce%2BL6pN5DmBFTnJY%2BhWPhj89Bi5RCJmEoV28BqKtYWQzcQYQseTPHW5zzIhqVBBegjmuOxeDh%2FcjP2D%2F4FKHQXjSgUvH0YiX4n1LEtYArIJnAj1FuURhCkc6w%2FdU1S6bT9p2hIh3LKv9KxS1%2FY4GQ2XNShbqiv2aw%3D%3D","environmentVariables":{"STOREID":"1173","MYID":"61f88b887963422eeee1589f","APIKEYV1":"4caf7d84184f3a9333526ff0ac182652bb2514e5c70ceda6db4f02ae728ff241cf6596ce4dfcfed27890c4029004508cee936b7c5e4d2031f7b585cf1dda8bd0","REGION":"southamerica-east1","FIREBASE_CONFIG":"{\"projectId\":\"poc-store-api-v2\",\"storageBucket\":\"poc-store-api-v2.appspot.com\",\"locationId\":\"southamerica-east1\"}","GCLOUD_PROJECT":"poc-store-api-v2"},"runtime":"nodejs16"},"versionId":"1","updateTime":"2022-05-31T17:35:06Z"}}
[debug] [2022-05-31T17:35:07.092Z] >>> [apiv2][query] GET https://cloudfunctions.googleapis.com/v1/operations/cG9jLXN0b3JlLWFwaS12Mi91cy1lYXN0MS9zZXJ2ZXIvVkNTWFBNeU1KdEk [none]
[debug] [2022-05-31T17:35:08.215Z] <<< [apiv2][status] GET https://cloudfunctions.googleapis.com/v1/operations/cG9jLXN0b3JlLWFwaS12Mi91cy1lYXN0MS9zZXJ2ZXIvVkNTWFBNeU1KdEk 200
[debug] [2022-05-31T17:35:08.216Z] <<< [apiv2][body] GET https://cloudfunctions.googleapis.com/v1/operations/cG9jLXN0b3JlLWFwaS12Mi91cy1lYXN0MS9zZXJ2ZXIvVkNTWFBNeU1KdEk {"name":"operations/cG9jLXN0b3JlLWFwaS12Mi91cy1lYXN0MS9zZXJ2ZXIvVkNTWFBNeU1KdEk","metadata":{"@type":"type.googleapis.com/google.cloud.functions.v1.OperationMetadataV1","target":"projects/poc-store-api-v2/locations/us-east1/functions/server","type":"CREATE_FUNCTION","request":{"@type":"type.googleapis.com/google.cloud.functions.v1.CloudFunction","name":"projects/poc-store-api-v2/locations/us-east1/functions/server","httpsTrigger":{"securityLevel":"SECURE_ALWAYS"},"entryPoint":"server","labels":{"deployment-tool":"cli-firebase"},"sourceUploadUrl":"https://storage.googleapis.com/uploads-549346555818.southamerica-east1.cloudfunctions.appspot.com/522a842b-d39d-40e8-872d-273fcb6eb8b7.zip?GoogleAccessId=service-995101038353@gcf-admin-robot.iam.gserviceaccount.com&Expires=1654020304&Signature=qjRGjMH1rPSZngNGQDf7ewa%2FTvtiEU9CFkoL%2FtpX93INCcR1uPcZJB%2F3ceXIvbfObIuH8K5xmavysZGq%2FX4WHktYp6cVr9dmeyDwBwpcQ7wbjkPFZp76FAt%2FK2w6vHdLhm%2BTytxw2f6qMo0349s4egr%2FLjhYI7C7vWmFfiUQfpHSBvzLFHD7xce%2BL6pN5DmBFTnJY%2BhWPhj89Bi5RCJmEoV28BqKtYWQzcQYQseTPHW5zzIhqVBBegjmuOxeDh%2FcjP2D%2F4FKHQXjSgUvH0YiX4n1LEtYArIJnAj1FuURhCkc6w%2FdU1S6bT9p2hIh3LKv9KxS1%2FY4GQ2XNShbqiv2aw%3D%3D","environmentVariables":{"STOREID":"1173","MYID":"61f88b887963422eeee1589f","APIKEYV1":"4caf7d84184f3a9333526ff0ac182652bb2514e5c70ceda6db4f02ae728ff241cf6596ce4dfcfed27890c4029004508cee936b7c5e4d2031f7b585cf1dda8bd0","REGION":"southamerica-east1","FIREBASE_CONFIG":"{\"projectId\":\"poc-store-api-v2\",\"storageBucket\":\"poc-store-api-v2.appspot.com\",\"locationId\":\"southamerica-east1\"}","GCLOUD_PROJECT":"poc-store-api-v2"},"runtime":"nodejs16"},"versionId":"1","updateTime":"2022-05-31T17:35:07Z"}}
[debug] [2022-05-31T17:35:08.717Z] [create-default-us-east1-server] Retrying task index 0
[debug] [2022-05-31T17:35:08.719Z] >>> [apiv2][query] GET https://cloudfunctions.googleapis.com/v1/operations/cG9jLXN0b3JlLWFwaS12Mi91cy1lYXN0MS9zZXJ2ZXIvVkNTWFBNeU1KdEk [none]
[debug] [2022-05-31T17:35:09.853Z] <<< [apiv2][status] GET https://cloudfunctions.googleapis.com/v1/operations/cG9jLXN0b3JlLWFwaS12Mi91cy1lYXN0MS9zZXJ2ZXIvVkNTWFBNeU1KdEk 200
[debug] [2022-05-31T17:35:09.854Z] <<< [apiv2][body] GET https://cloudfunctions.googleapis.com/v1/operations/cG9jLXN0b3JlLWFwaS12Mi91cy1lYXN0MS9zZXJ2ZXIvVkNTWFBNeU1KdEk {"name":"operations/cG9jLXN0b3JlLWFwaS12Mi91cy1lYXN0MS9zZXJ2ZXIvVkNTWFBNeU1KdEk","metadata":{"@type":"type.googleapis.com/google.cloud.functions.v1.OperationMetadataV1","target":"projects/poc-store-api-v2/locations/us-east1/functions/server","type":"CREATE_FUNCTION","request":{"@type":"type.googleapis.com/google.cloud.functions.v1.CloudFunction","name":"projects/poc-store-api-v2/locations/us-east1/functions/server","httpsTrigger":{"securityLevel":"SECURE_ALWAYS"},"entryPoint":"server","labels":{"deployment-tool":"cli-firebase"},"sourceUploadUrl":"https://storage.googleapis.com/uploads-549346555818.southamerica-east1.cloudfunctions.appspot.com/522a842b-d39d-40e8-872d-273fcb6eb8b7.zip?GoogleAccessId=service-995101038353@gcf-admin-robot.iam.gserviceaccount.com&Expires=1654020304&Signature=qjRGjMH1rPSZngNGQDf7ewa%2FTvtiEU9CFkoL%2FtpX93INCcR1uPcZJB%2F3ceXIvbfObIuH8K5xmavysZGq%2FX4WHktYp6cVr9dmeyDwBwpcQ7wbjkPFZp76FAt%2FK2w6vHdLhm%2BTytxw2f6qMo0349s4egr%2FLjhYI7C7vWmFfiUQfpHSBvzLFHD7xce%2BL6pN5DmBFTnJY%2BhWPhj89Bi5RCJmEoV28BqKtYWQzcQYQseTPHW5zzIhqVBBegjmuOxeDh%2FcjP2D%2F4FKHQXjSgUvH0YiX4n1LEtYArIJnAj1FuURhCkc6w%2FdU1S6bT9p2hIh3LKv9KxS1%2FY4GQ2XNShbqiv2aw%3D%3D","environmentVariables":{"STOREID":"1173","MYID":"61f88b887963422eeee1589f","APIKEYV1":"4caf7d84184f3a9333526ff0ac182652bb2514e5c70ceda6db4f02ae728ff241cf6596ce4dfcfed27890c4029004508cee936b7c5e4d2031f7b585cf1dda8bd0","REGION":"southamerica-east1","FIREBASE_CONFIG":"{\"projectId\":\"poc-store-api-v2\",\"storageBucket\":\"poc-store-api-v2.appspot.com\",\"locationId\":\"southamerica-east1\"}","GCLOUD_PROJECT":"poc-store-api-v2"},"runtime":"nodejs16"},"versionId":"1","updateTime":"2022-05-31T17:35:07Z"}}
[debug] [2022-05-31T17:35:10.856Z] [create-default-us-east1-server] Retrying task index 0
[debug] [2022-05-31T17:35:10.857Z] >>> [apiv2][query] GET https://cloudfunctions.googleapis.com/v1/operations/cG9jLXN0b3JlLWFwaS12Mi91cy1lYXN0MS9zZXJ2ZXIvVkNTWFBNeU1KdEk [none]
[debug] [2022-05-31T17:35:11.803Z] <<< [apiv2][status] GET https://cloudfunctions.googleapis.com/v1/operations/cG9jLXN0b3JlLWFwaS12Mi91cy1lYXN0MS9zZXJ2ZXIvVkNTWFBNeU1KdEk 200
[debug] [2022-05-31T17:35:11.804Z] <<< [apiv2][body] GET https://cloudfunctions.googleapis.com/v1/operations/cG9jLXN0b3JlLWFwaS12Mi91cy1lYXN0MS9zZXJ2ZXIvVkNTWFBNeU1KdEk {"name":"operations/cG9jLXN0b3JlLWFwaS12Mi91cy1lYXN0MS9zZXJ2ZXIvVkNTWFBNeU1KdEk","metadata":{"@type":"type.googleapis.com/google.cloud.functions.v1.OperationMetadataV1","target":"projects/poc-store-api-v2/locations/us-east1/functions/server","type":"CREATE_FUNCTION","request":{"@type":"type.googleapis.com/google.cloud.functions.v1.CloudFunction","name":"projects/poc-store-api-v2/locations/us-east1/functions/server","httpsTrigger":{"securityLevel":"SECURE_ALWAYS"},"entryPoint":"server","labels":{"deployment-tool":"cli-firebase"},"sourceUploadUrl":"https://storage.googleapis.com/uploads-549346555818.southamerica-east1.cloudfunctions.appspot.com/522a842b-d39d-40e8-872d-273fcb6eb8b7.zip?GoogleAccessId=service-995101038353@gcf-admin-robot.iam.gserviceaccount.com&Expires=1654020304&Signature=qjRGjMH1rPSZngNGQDf7ewa%2FTvtiEU9CFkoL%2FtpX93INCcR1uPcZJB%2F3ceXIvbfObIuH8K5xmavysZGq%2FX4WHktYp6cVr9dmeyDwBwpcQ7wbjkPFZp76FAt%2FK2w6vHdLhm%2BTytxw2f6qMo0349s4egr%2FLjhYI7C7vWmFfiUQfpHSBvzLFHD7xce%2BL6pN5DmBFTnJY%2BhWPhj89Bi5RCJmEoV28BqKtYWQzcQYQseTPHW5zzIhqVBBegjmuOxeDh%2FcjP2D%2F4FKHQXjSgUvH0YiX4n1LEtYArIJnAj1FuURhCkc6w%2FdU1S6bT9p2hIh3LKv9KxS1%2FY4GQ2XNShbqiv2aw%3D%3D","environmentVariables":{"STOREID":"1173","MYID":"61f88b887963422eeee1589f","APIKEYV1":"4caf7d84184f3a9333526ff0ac182652bb2514e5c70ceda6db4f02ae728ff241cf6596ce4dfcfed27890c4029004508cee936b7c5e4d2031f7b585cf1dda8bd0","REGION":"southamerica-east1","FIREBASE_CONFIG":"{\"projectId\":\"poc-store-api-v2\",\"storageBucket\":\"poc-store-api-v2.appspot.com\",\"locationId\":\"southamerica-east1\"}","GCLOUD_PROJECT":"poc-store-api-v2"},"runtime":"nodejs16"},"versionId":"1","updateTime":"2022-05-31T17:35:07Z"}}
[debug] [2022-05-31T17:35:11.806Z] <<< [apiv2][status] POST https://cloudfunctions.googleapis.com/v1/projects/poc-store-api-v2/locations/southamerica-east1/functions 200
[debug] [2022-05-31T17:35:11.806Z] <<< [apiv2][body] POST https://cloudfunctions.googleapis.com/v1/projects/poc-store-api-v2/locations/southamerica-east1/functions {"name":"operations/cG9jLXN0b3JlLWFwaS12Mi9zb3V0aGFtZXJpY2EtZWFzdDEvc2VydmVyL3I0a0VPMWtaR1d3","metadata":{"@type":"type.googleapis.com/google.cloud.functions.v1.OperationMetadataV1","target":"projects/poc-store-api-v2/locations/southamerica-east1/functions/server","type":"CREATE_FUNCTION","request":{"@type":"type.googleapis.com/google.cloud.functions.v1.CloudFunction","name":"projects/poc-store-api-v2/locations/southamerica-east1/functions/server","httpsTrigger":{"securityLevel":"SECURE_ALWAYS"},"entryPoint":"server","labels":{"deployment-tool":"cli-firebase"},"sourceUploadUrl":"https://storage.googleapis.com/uploads-549346555818.southamerica-east1.cloudfunctions.appspot.com/522a842b-d39d-40e8-872d-273fcb6eb8b7.zip?GoogleAccessId=service-995101038353@gcf-admin-robot.iam.gserviceaccount.com&Expires=1654020304&Signature=qjRGjMH1rPSZngNGQDf7ewa%2FTvtiEU9CFkoL%2FtpX93INCcR1uPcZJB%2F3ceXIvbfObIuH8K5xmavysZGq%2FX4WHktYp6cVr9dmeyDwBwpcQ7wbjkPFZp76FAt%2FK2w6vHdLhm%2BTytxw2f6qMo0349s4egr%2FLjhYI7C7vWmFfiUQfpHSBvzLFHD7xce%2BL6pN5DmBFTnJY%2BhWPhj89Bi5RCJmEoV28BqKtYWQzcQYQseTPHW5zzIhqVBBegjmuOxeDh%2FcjP2D%2F4FKHQXjSgUvH0YiX4n1LEtYArIJnAj1FuURhCkc6w%2FdU1S6bT9p2hIh3LKv9KxS1%2FY4GQ2XNShbqiv2aw%3D%3D","environmentVariables":{"STOREID":"1173","MYID":"61f88b887963422eeee1589f","APIKEYV1":"4caf7d84184f3a9333526ff0ac182652bb2514e5c70ceda6db4f02ae728ff241cf6596ce4dfcfed27890c4029004508cee936b7c5e4d2031f7b585cf1dda8bd0","REGION":"southamerica-east1","FIREBASE_CONFIG":"{\"projectId\":\"poc-store-api-v2\",\"storageBucket\":\"poc-store-api-v2.appspot.com\",\"locationId\":\"southamerica-east1\"}","GCLOUD_PROJECT":"poc-store-api-v2"},"runtime":"nodejs16"},"versionId":"1","updateTime":"2022-05-31T17:35:11Z"}}
[debug] [2022-05-31T17:35:11.807Z] >>> [apiv2][query] GET https://cloudfunctions.googleapis.com/v1/operations/cG9jLXN0b3JlLWFwaS12Mi9zb3V0aGFtZXJpY2EtZWFzdDEvc2VydmVyL3I0a0VPMWtaR1d3 [none]
[debug] [2022-05-31T17:35:12.396Z] <<< [apiv2][status] GET https://cloudfunctions.googleapis.com/v1/operations/cG9jLXN0b3JlLWFwaS12Mi9zb3V0aGFtZXJpY2EtZWFzdDEvc2VydmVyL3I0a0VPMWtaR1d3 200
[debug] [2022-05-31T17:35:12.396Z] <<< [apiv2][body] GET https://cloudfunctions.googleapis.com/v1/operations/cG9jLXN0b3JlLWFwaS12Mi9zb3V0aGFtZXJpY2EtZWFzdDEvc2VydmVyL3I0a0VPMWtaR1d3 {"name":"operations/cG9jLXN0b3JlLWFwaS12Mi9zb3V0aGFtZXJpY2EtZWFzdDEvc2VydmVyL3I0a0VPMWtaR1d3","metadata":{"@type":"type.googleapis.com/google.cloud.functions.v1.OperationMetadataV1","target":"projects/poc-store-api-v2/locations/southamerica-east1/functions/server","type":"CREATE_FUNCTION","request":{"@type":"type.googleapis.com/google.cloud.functions.v1.CloudFunction","name":"projects/poc-store-api-v2/locations/southamerica-east1/functions/server","httpsTrigger":{"securityLevel":"SECURE_ALWAYS"},"entryPoint":"server","labels":{"deployment-tool":"cli-firebase"},"sourceUploadUrl":"https://storage.googleapis.com/uploads-549346555818.southamerica-east1.cloudfunctions.appspot.com/522a842b-d39d-40e8-872d-273fcb6eb8b7.zip?GoogleAccessId=service-995101038353@gcf-admin-robot.iam.gserviceaccount.com&Expires=1654020304&Signature=qjRGjMH1rPSZngNGQDf7ewa%2FTvtiEU9CFkoL%2FtpX93INCcR1uPcZJB%2F3ceXIvbfObIuH8K5xmavysZGq%2FX4WHktYp6cVr9dmeyDwBwpcQ7wbjkPFZp76FAt%2FK2w6vHdLhm%2BTytxw2f6qMo0349s4egr%2FLjhYI7C7vWmFfiUQfpHSBvzLFHD7xce%2BL6pN5DmBFTnJY%2BhWPhj89Bi5RCJmEoV28BqKtYWQzcQYQseTPHW5zzIhqVBBegjmuOxeDh%2FcjP2D%2F4FKHQXjSgUvH0YiX4n1LEtYArIJnAj1FuURhCkc6w%2FdU1S6bT9p2hIh3LKv9KxS1%2FY4GQ2XNShbqiv2aw%3D%3D","environmentVariables":{"STOREID":"1173","MYID":"61f88b887963422eeee1589f","APIKEYV1":"4caf7d84184f3a9333526ff0ac182652bb2514e5c70ceda6db4f02ae728ff241cf6596ce4dfcfed27890c4029004508cee936b7c5e4d2031f7b585cf1dda8bd0","REGION":"southamerica-east1","FIREBASE_CONFIG":"{\"projectId\":\"poc-store-api-v2\",\"storageBucket\":\"poc-store-api-v2.appspot.com\",\"locationId\":\"southamerica-east1\"}","GCLOUD_PROJECT":"poc-store-api-v2"},"runtime":"nodejs16"},"versionId":"1","updateTime":"2022-05-31T17:35:12Z"}}
[debug] [2022-05-31T17:35:12.898Z] [create-default-southamerica-east1-server] Retrying task index 0
[debug] [2022-05-31T17:35:12.899Z] >>> [apiv2][query] GET https://cloudfunctions.googleapis.com/v1/operations/cG9jLXN0b3JlLWFwaS12Mi9zb3V0aGFtZXJpY2EtZWFzdDEvc2VydmVyL3I0a0VPMWtaR1d3 [none]
[debug] [2022-05-31T17:35:13.538Z] <<< [apiv2][status] GET https://cloudfunctions.googleapis.com/v1/operations/cG9jLXN0b3JlLWFwaS12Mi9zb3V0aGFtZXJpY2EtZWFzdDEvc2VydmVyL3I0a0VPMWtaR1d3 200
[debug] [2022-05-31T17:35:13.539Z] <<< [apiv2][body] GET https://cloudfunctions.googleapis.com/v1/operations/cG9jLXN0b3JlLWFwaS12Mi9zb3V0aGFtZXJpY2EtZWFzdDEvc2VydmVyL3I0a0VPMWtaR1d3 {"name":"operations/cG9jLXN0b3JlLWFwaS12Mi9zb3V0aGFtZXJpY2EtZWFzdDEvc2VydmVyL3I0a0VPMWtaR1d3","metadata":{"@type":"type.googleapis.com/google.cloud.functions.v1.OperationMetadataV1","target":"projects/poc-store-api-v2/locations/southamerica-east1/functions/server","type":"CREATE_FUNCTION","request":{"@type":"type.googleapis.com/google.cloud.functions.v1.CloudFunction","name":"projects/poc-store-api-v2/locations/southamerica-east1/functions/server","httpsTrigger":{"securityLevel":"SECURE_ALWAYS"},"entryPoint":"server","labels":{"deployment-tool":"cli-firebase"},"sourceUploadUrl":"https://storage.googleapis.com/uploads-549346555818.southamerica-east1.cloudfunctions.appspot.com/522a842b-d39d-40e8-872d-273fcb6eb8b7.zip?GoogleAccessId=service-995101038353@gcf-admin-robot.iam.gserviceaccount.com&Expires=1654020304&Signature=qjRGjMH1rPSZngNGQDf7ewa%2FTvtiEU9CFkoL%2FtpX93INCcR1uPcZJB%2F3ceXIvbfObIuH8K5xmavysZGq%2FX4WHktYp6cVr9dmeyDwBwpcQ7wbjkPFZp76FAt%2FK2w6vHdLhm%2BTytxw2f6qMo0349s4egr%2FLjhYI7C7vWmFfiUQfpHSBvzLFHD7xce%2BL6pN5DmBFTnJY%2BhWPhj89Bi5RCJmEoV28BqKtYWQzcQYQseTPHW5zzIhqVBBegjmuOxeDh%2FcjP2D%2F4FKHQXjSgUvH0YiX4n1LEtYArIJnAj1FuURhCkc6w%2FdU1S6bT9p2hIh3LKv9KxS1%2FY4GQ2XNShbqiv2aw%3D%3D","environmentVariables":{"STOREID":"1173","MYID":"61f88b887963422eeee1589f","APIKEYV1":"4caf7d84184f3a9333526ff0ac182652bb2514e5c70ceda6db4f02ae728ff241cf6596ce4dfcfed27890c4029004508cee936b7c5e4d2031f7b585cf1dda8bd0","REGION":"southamerica-east1","FIREBASE_CONFIG":"{\"projectId\":\"poc-store-api-v2\",\"storageBucket\":\"poc-store-api-v2.appspot.com\",\"locationId\":\"southamerica-east1\"}","GCLOUD_PROJECT":"poc-store-api-v2"},"runtime":"nodejs16"},"versionId":"1","updateTime":"2022-05-31T17:35:12Z","buildId":"c9ad9159-8e51-4d36-8354-c53473237d27","buildName":"projects/995101038353/locations/southamerica-east1/builds/c9ad9159-8e51-4d36-8354-c53473237d27"}}
[debug] [2022-05-31T17:35:13.804Z] [create-default-us-east1-server] Retrying task index 0
[debug] [2022-05-31T17:35:13.805Z] >>> [apiv2][query] GET https://cloudfunctions.googleapis.com/v1/operations/cG9jLXN0b3JlLWFwaS12Mi91cy1lYXN0MS9zZXJ2ZXIvVkNTWFBNeU1KdEk [none]
[debug] [2022-05-31T17:35:14.541Z] [create-default-southamerica-east1-server] Retrying task index 0
[debug] [2022-05-31T17:35:14.542Z] >>> [apiv2][query] GET https://cloudfunctions.googleapis.com/v1/operations/cG9jLXN0b3JlLWFwaS12Mi9zb3V0aGFtZXJpY2EtZWFzdDEvc2VydmVyL3I0a0VPMWtaR1d3 [none]
[debug] [2022-05-31T17:35:14.756Z] <<< [apiv2][status] GET https://cloudfunctions.googleapis.com/v1/operations/cG9jLXN0b3JlLWFwaS12Mi91cy1lYXN0MS9zZXJ2ZXIvVkNTWFBNeU1KdEk 200
[debug] [2022-05-31T17:35:14.757Z] <<< [apiv2][body] GET https://cloudfunctions.googleapis.com/v1/operations/cG9jLXN0b3JlLWFwaS12Mi91cy1lYXN0MS9zZXJ2ZXIvVkNTWFBNeU1KdEk {"name":"operations/cG9jLXN0b3JlLWFwaS12Mi91cy1lYXN0MS9zZXJ2ZXIvVkNTWFBNeU1KdEk","metadata":{"@type":"type.googleapis.com/google.cloud.functions.v1.OperationMetadataV1","target":"projects/poc-store-api-v2/locations/us-east1/functions/server","type":"CREATE_FUNCTION","request":{"@type":"type.googleapis.com/google.cloud.functions.v1.CloudFunction","name":"projects/poc-store-api-v2/locations/us-east1/functions/server","httpsTrigger":{"securityLevel":"SECURE_ALWAYS"},"entryPoint":"server","labels":{"deployment-tool":"cli-firebase"},"sourceUploadUrl":"https://storage.googleapis.com/uploads-549346555818.southamerica-east1.cloudfunctions.appspot.com/522a842b-d39d-40e8-872d-273fcb6eb8b7.zip?GoogleAccessId=service-995101038353@gcf-admin-robot.iam.gserviceaccount.com&Expires=1654020304&Signature=qjRGjMH1rPSZngNGQDf7ewa%2FTvtiEU9CFkoL%2FtpX93INCcR1uPcZJB%2F3ceXIvbfObIuH8K5xmavysZGq%2FX4WHktYp6cVr9dmeyDwBwpcQ7wbjkPFZp76FAt%2FK2w6vHdLhm%2BTytxw2f6qMo0349s4egr%2FLjhYI7C7vWmFfiUQfpHSBvzLFHD7xce%2BL6pN5DmBFTnJY%2BhWPhj89Bi5RCJmEoV28BqKtYWQzcQYQseTPHW5zzIhqVBBegjmuOxeDh%2FcjP2D%2F4FKHQXjSgUvH0YiX4n1LEtYArIJnAj1FuURhCkc6w%2FdU1S6bT9p2hIh3LKv9KxS1%2FY4GQ2XNShbqiv2aw%3D%3D","environmentVariables":{"STOREID":"1173","MYID":"61f88b887963422eeee1589f","APIKEYV1":"4caf7d84184f3a9333526ff0ac182652bb2514e5c70ceda6db4f02ae728ff241cf6596ce4dfcfed27890c4029004508cee936b7c5e4d2031f7b585cf1dda8bd0","REGION":"southamerica-east1","FIREBASE_CONFIG":"{\"projectId\":\"poc-store-api-v2\",\"storageBucket\":\"poc-store-api-v2.appspot.com\",\"locationId\":\"southamerica-east1\"}","GCLOUD_PROJECT":"poc-store-api-v2"},"runtime":"nodejs16"},"versionId":"1","updateTime":"2022-05-31T17:35:07Z"}}
[debug] [2022-05-31T17:35:14.857Z] <<< [apiv2][status] GET https://cloudfunctions.googleapis.com/v1/operations/cG9jLXN0b3JlLWFwaS12Mi9zb3V0aGFtZXJpY2EtZWFzdDEvc2VydmVyL3I0a0VPMWtaR1d3 200
[debug] [2022-05-31T17:35:14.857Z] <<< [apiv2][body] GET https://cloudfunctions.googleapis.com/v1/operations/cG9jLXN0b3JlLWFwaS12Mi9zb3V0aGFtZXJpY2EtZWFzdDEvc2VydmVyL3I0a0VPMWtaR1d3 {"name":"operations/cG9jLXN0b3JlLWFwaS12Mi9zb3V0aGFtZXJpY2EtZWFzdDEvc2VydmVyL3I0a0VPMWtaR1d3","metadata":{"@type":"type.googleapis.com/google.cloud.functions.v1.OperationMetadataV1","target":"projects/poc-store-api-v2/locations/southamerica-east1/functions/server","type":"CREATE_FUNCTION","request":{"@type":"type.googleapis.com/google.cloud.functions.v1.CloudFunction","name":"projects/poc-store-api-v2/locations/southamerica-east1/functions/server","httpsTrigger":{"securityLevel":"SECURE_ALWAYS"},"entryPoint":"server","labels":{"deployment-tool":"cli-firebase"},"sourceUploadUrl":"https://storage.googleapis.com/uploads-549346555818.southamerica-east1.cloudfunctions.appspot.com/522a842b-d39d-40e8-872d-273fcb6eb8b7.zip?GoogleAccessId=service-995101038353@gcf-admin-robot.iam.gserviceaccount.com&Expires=1654020304&Signature=qjRGjMH1rPSZngNGQDf7ewa%2FTvtiEU9CFkoL%2FtpX93INCcR1uPcZJB%2F3ceXIvbfObIuH8K5xmavysZGq%2FX4WHktYp6cVr9dmeyDwBwpcQ7wbjkPFZp76FAt%2FK2w6vHdLhm%2BTytxw2f6qMo0349s4egr%2FLjhYI7C7vWmFfiUQfpHSBvzLFHD7xce%2BL6pN5DmBFTnJY%2BhWPhj89Bi5RCJmEoV28BqKtYWQzcQYQseTPHW5zzIhqVBBegjmuOxeDh%2FcjP2D%2F4FKHQXjSgUvH0YiX4n1LEtYArIJnAj1FuURhCkc6w%2FdU1S6bT9p2hIh3LKv9KxS1%2FY4GQ2XNShbqiv2aw%3D%3D","environmentVariables":{"STOREID":"1173","MYID":"61f88b887963422eeee1589f","APIKEYV1":"4caf7d84184f3a9333526ff0ac182652bb2514e5c70ceda6db4f02ae728ff241cf6596ce4dfcfed27890c4029004508cee936b7c5e4d2031f7b585cf1dda8bd0","REGION":"southamerica-east1","FIREBASE_CONFIG":"{\"projectId\":\"poc-store-api-v2\",\"storageBucket\":\"poc-store-api-v2.appspot.com\",\"locationId\":\"southamerica-east1\"}","GCLOUD_PROJECT":"poc-store-api-v2"},"runtime":"nodejs16"},"versionId":"1","updateTime":"2022-05-31T17:35:12Z","buildId":"c9ad9159-8e51-4d36-8354-c53473237d27","buildName":"projects/995101038353/locations/southamerica-east1/builds/c9ad9159-8e51-4d36-8354-c53473237d27"}}
[debug] [2022-05-31T17:35:16.860Z] [create-default-southamerica-east1-server] Retrying task index 0
[debug] [2022-05-31T17:35:16.861Z] >>> [apiv2][query] GET https://cloudfunctions.googleapis.com/v1/operations/cG9jLXN0b3JlLWFwaS12Mi9zb3V0aGFtZXJpY2EtZWFzdDEvc2VydmVyL3I0a0VPMWtaR1d3 [none]
[debug] [2022-05-31T17:35:17.226Z] <<< [apiv2][status] GET https://cloudfunctions.googleapis.com/v1/operations/cG9jLXN0b3JlLWFwaS12Mi9zb3V0aGFtZXJpY2EtZWFzdDEvc2VydmVyL3I0a0VPMWtaR1d3 200
[debug] [2022-05-31T17:35:17.227Z] <<< [apiv2][body] GET https://cloudfunctions.googleapis.com/v1/operations/cG9jLXN0b3JlLWFwaS12Mi9zb3V0aGFtZXJpY2EtZWFzdDEvc2VydmVyL3I0a0VPMWtaR1d3 {"name":"operations/cG9jLXN0b3JlLWFwaS12Mi9zb3V0aGFtZXJpY2EtZWFzdDEvc2VydmVyL3I0a0VPMWtaR1d3","metadata":{"@type":"type.googleapis.com/google.cloud.functions.v1.OperationMetadataV1","target":"projects/poc-store-api-v2/locations/southamerica-east1/functions/server","type":"CREATE_FUNCTION","request":{"@type":"type.googleapis.com/google.cloud.functions.v1.CloudFunction","name":"projects/poc-store-api-v2/locations/southamerica-east1/functions/server","httpsTrigger":{"securityLevel":"SECURE_ALWAYS"},"entryPoint":"server","labels":{"deployment-tool":"cli-firebase"},"sourceUploadUrl":"https://storage.googleapis.com/uploads-549346555818.southamerica-east1.cloudfunctions.appspot.com/522a842b-d39d-40e8-872d-273fcb6eb8b7.zip?GoogleAccessId=service-995101038353@gcf-admin-robot.iam.gserviceaccount.com&Expires=1654020304&Signature=qjRGjMH1rPSZngNGQDf7ewa%2FTvtiEU9CFkoL%2FtpX93INCcR1uPcZJB%2F3ceXIvbfObIuH8K5xmavysZGq%2FX4WHktYp6cVr9dmeyDwBwpcQ7wbjkPFZp76FAt%2FK2w6vHdLhm%2BTytxw2f6qMo0349s4egr%2FLjhYI7C7vWmFfiUQfpHSBvzLFHD7xce%2BL6pN5DmBFTnJY%2BhWPhj89Bi5RCJmEoV28BqKtYWQzcQYQseTPHW5zzIhqVBBegjmuOxeDh%2FcjP2D%2F4FKHQXjSgUvH0YiX4n1LEtYArIJnAj1FuURhCkc6w%2FdU1S6bT9p2hIh3LKv9KxS1%2FY4GQ2XNShbqiv2aw%3D%3D","environmentVariables":{"STOREID":"1173","MYID":"61f88b887963422eeee1589f","APIKEYV1":"4caf7d84184f3a9333526ff0ac182652bb2514e5c70ceda6db4f02ae728ff241cf6596ce4dfcfed27890c4029004508cee936b7c5e4d2031f7b585cf1dda8bd0","REGION":"southamerica-east1","FIREBASE_CONFIG":"{\"projectId\":\"poc-store-api-v2\",\"storageBucket\":\"poc-store-api-v2.appspot.com\",\"locationId\":\"southamerica-east1\"}","GCLOUD_PROJECT":"poc-store-api-v2"},"runtime":"nodejs16"},"versionId":"1","updateTime":"2022-05-31T17:35:12Z","buildId":"c9ad9159-8e51-4d36-8354-c53473237d27","buildName":"projects/995101038353/locations/southamerica-east1/builds/c9ad9159-8e51-4d36-8354-c53473237d27"}}
[debug] [2022-05-31T17:35:18.760Z] [create-default-us-east1-server] Retrying task index 0
[debug] [2022-05-31T17:35:18.761Z] >>> [apiv2][query] GET https://cloudfunctions.googleapis.com/v1/operations/cG9jLXN0b3JlLWFwaS12Mi91cy1lYXN0MS9zZXJ2ZXIvVkNTWFBNeU1KdEk [none]
[debug] [2022-05-31T17:35:19.684Z] <<< [apiv2][status] GET https://cloudfunctions.googleapis.com/v1/operations/cG9jLXN0b3JlLWFwaS12Mi91cy1lYXN0MS9zZXJ2ZXIvVkNTWFBNeU1KdEk 200
[debug] [2022-05-31T17:35:19.684Z] <<< [apiv2][body] GET https://cloudfunctions.googleapis.com/v1/operations/cG9jLXN0b3JlLWFwaS12Mi91cy1lYXN0MS9zZXJ2ZXIvVkNTWFBNeU1KdEk {"name":"operations/cG9jLXN0b3JlLWFwaS12Mi91cy1lYXN0MS9zZXJ2ZXIvVkNTWFBNeU1KdEk","metadata":{"@type":"type.googleapis.com/google.cloud.functions.v1.OperationMetadataV1","target":"projects/poc-store-api-v2/locations/us-east1/functions/server","type":"CREATE_FUNCTION","request":{"@type":"type.googleapis.com/google.cloud.functions.v1.CloudFunction","name":"projects/poc-store-api-v2/locations/us-east1/functions/server","httpsTrigger":{"securityLevel":"SECURE_ALWAYS"},"entryPoint":"server","labels":{"deployment-tool":"cli-firebase"},"sourceUploadUrl":"https://storage.googleapis.com/uploads-549346555818.southamerica-east1.cloudfunctions.appspot.com/522a842b-d39d-40e8-872d-273fcb6eb8b7.zip?GoogleAccessId=service-995101038353@gcf-admin-robot.iam.gserviceaccount.com&Expires=1654020304&Signature=qjRGjMH1rPSZngNGQDf7ewa%2FTvtiEU9CFkoL%2FtpX93INCcR1uPcZJB%2F3ceXIvbfObIuH8K5xmavysZGq%2FX4WHktYp6cVr9dmeyDwBwpcQ7wbjkPFZp76FAt%2FK2w6vHdLhm%2BTytxw2f6qMo0349s4egr%2FLjhYI7C7vWmFfiUQfpHSBvzLFHD7xce%2BL6pN5DmBFTnJY%2BhWPhj89Bi5RCJmEoV28BqKtYWQzcQYQseTPHW5zzIhqVBBegjmuOxeDh%2FcjP2D%2F4FKHQXjSgUvH0YiX4n1LEtYArIJnAj1FuURhCkc6w%2FdU1S6bT9p2hIh3LKv9KxS1%2FY4GQ2XNShbqiv2aw%3D%3D","environmentVariables":{"STOREID":"1173","MYID":"61f88b887963422eeee1589f","APIKEYV1":"4caf7d84184f3a9333526ff0ac182652bb2514e5c70ceda6db4f02ae728ff241cf6596ce4dfcfed27890c4029004508cee936b7c5e4d2031f7b585cf1dda8bd0","REGION":"southamerica-east1","FIREBASE_CONFIG":"{\"projectId\":\"poc-store-api-v2\",\"storageBucket\":\"poc-store-api-v2.appspot.com\",\"locationId\":\"southamerica-east1\"}","GCLOUD_PROJECT":"poc-store-api-v2"},"runtime":"nodejs16"},"versionId":"1","updateTime":"2022-05-31T17:35:07Z"}}
[debug] [2022-05-31T17:35:21.230Z] [create-default-southamerica-east1-server] Retrying task index 0
[debug] [2022-05-31T17:35:21.231Z] >>> [apiv2][query] GET https://cloudfunctions.googleapis.com/v1/operations/cG9jLXN0b3JlLWFwaS12Mi9zb3V0aGFtZXJpY2EtZWFzdDEvc2VydmVyL3I0a0VPMWtaR1d3 [none]
[debug] [2022-05-31T17:35:21.841Z] <<< [apiv2][status] GET https://cloudfunctions.googleapis.com/v1/operations/cG9jLXN0b3JlLWFwaS12Mi9zb3V0aGFtZXJpY2EtZWFzdDEvc2VydmVyL3I0a0VPMWtaR1d3 200
[debug] [2022-05-31T17:35:21.842Z] <<< [apiv2][body] GET https://cloudfunctions.googleapis.com/v1/operations/cG9jLXN0b3JlLWFwaS12Mi9zb3V0aGFtZXJpY2EtZWFzdDEvc2VydmVyL3I0a0VPMWtaR1d3 {"name":"operations/cG9jLXN0b3JlLWFwaS12Mi9zb3V0aGFtZXJpY2EtZWFzdDEvc2VydmVyL3I0a0VPMWtaR1d3","metadata":{"@type":"type.googleapis.com/google.cloud.functions.v1.OperationMetadataV1","target":"projects/poc-store-api-v2/locations/southamerica-east1/functions/server","type":"CREATE_FUNCTION","request":{"@type":"type.googleapis.com/google.cloud.functions.v1.CloudFunction","name":"projects/poc-store-api-v2/locations/southamerica-east1/functions/server","httpsTrigger":{"securityLevel":"SECURE_ALWAYS"},"entryPoint":"server","labels":{"deployment-tool":"cli-firebase"},"sourceUploadUrl":"https://storage.googleapis.com/uploads-549346555818.southamerica-east1.cloudfunctions.appspot.com/522a842b-d39d-40e8-872d-273fcb6eb8b7.zip?GoogleAccessId=service-995101038353@gcf-admin-robot.iam.gserviceaccount.com&Expires=1654020304&Signature=qjRGjMH1rPSZngNGQDf7ewa%2FTvtiEU9CFkoL%2FtpX93INCcR1uPcZJB%2F3ceXIvbfObIuH8K5xmavysZGq%2FX4WHktYp6cVr9dmeyDwBwpcQ7wbjkPFZp76FAt%2FK2w6vHdLhm%2BTytxw2f6qMo0349s4egr%2FLjhYI7C7vWmFfiUQfpHSBvzLFHD7xce%2BL6pN5DmBFTnJY%2BhWPhj89Bi5RCJmEoV28BqKtYWQzcQYQseTPHW5zzIhqVBBegjmuOxeDh%2FcjP2D%2F4FKHQXjSgUvH0YiX4n1LEtYArIJnAj1FuURhCkc6w%2FdU1S6bT9p2hIh3LKv9KxS1%2FY4GQ2XNShbqiv2aw%3D%3D","environmentVariables":{"STOREID":"1173","MYID":"61f88b887963422eeee1589f","APIKEYV1":"4caf7d84184f3a9333526ff0ac182652bb2514e5c70ceda6db4f02ae728ff241cf6596ce4dfcfed27890c4029004508cee936b7c5e4d2031f7b585cf1dda8bd0","REGION":"southamerica-east1","FIREBASE_CONFIG":"{\"projectId\":\"poc-store-api-v2\",\"storageBucket\":\"poc-store-api-v2.appspot.com\",\"locationId\":\"southamerica-east1\"}","GCLOUD_PROJECT":"poc-store-api-v2"},"runtime":"nodejs16"},"versionId":"1","updateTime":"2022-05-31T17:35:12Z","buildId":"c9ad9159-8e51-4d36-8354-c53473237d27","buildName":"projects/995101038353/locations/southamerica-east1/builds/c9ad9159-8e51-4d36-8354-c53473237d27"}}
[debug] [2022-05-31T17:35:27.688Z] [create-default-us-east1-server] Retrying task index 0
[debug] [2022-05-31T17:35:27.689Z] >>> [apiv2][query] GET https://cloudfunctions.googleapis.com/v1/operations/cG9jLXN0b3JlLWFwaS12Mi91cy1lYXN0MS9zZXJ2ZXIvVkNTWFBNeU1KdEk [none]
[debug] [2022-05-31T17:35:28.386Z] <<< [apiv2][status] GET https://cloudfunctions.googleapis.com/v1/operations/cG9jLXN0b3JlLWFwaS12Mi91cy1lYXN0MS9zZXJ2ZXIvVkNTWFBNeU1KdEk 200
[debug] [2022-05-31T17:35:28.386Z] <<< [apiv2][body] GET https://cloudfunctions.googleapis.com/v1/operations/cG9jLXN0b3JlLWFwaS12Mi91cy1lYXN0MS9zZXJ2ZXIvVkNTWFBNeU1KdEk {"name":"operations/cG9jLXN0b3JlLWFwaS12Mi91cy1lYXN0MS9zZXJ2ZXIvVkNTWFBNeU1KdEk","metadata":{"@type":"type.googleapis.com/google.cloud.functions.v1.OperationMetadataV1","target":"projects/poc-store-api-v2/locations/us-east1/functions/server","type":"CREATE_FUNCTION","request":{"@type":"type.googleapis.com/google.cloud.functions.v1.CloudFunction","name":"projects/poc-store-api-v2/locations/us-east1/functions/server","httpsTrigger":{"securityLevel":"SECURE_ALWAYS"},"entryPoint":"server","labels":{"deployment-tool":"cli-firebase"},"sourceUploadUrl":"https://storage.googleapis.com/uploads-549346555818.southamerica-east1.cloudfunctions.appspot.com/522a842b-d39d-40e8-872d-273fcb6eb8b7.zip?GoogleAccessId=service-995101038353@gcf-admin-robot.iam.gserviceaccount.com&Expires=1654020304&Signature=qjRGjMH1rPSZngNGQDf7ewa%2FTvtiEU9CFkoL%2FtpX93INCcR1uPcZJB%2F3ceXIvbfObIuH8K5xmavysZGq%2FX4WHktYp6cVr9dmeyDwBwpcQ7wbjkPFZp76FAt%2FK2w6vHdLhm%2BTytxw2f6qMo0349s4egr%2FLjhYI7C7vWmFfiUQfpHSBvzLFHD7xce%2BL6pN5DmBFTnJY%2BhWPhj89Bi5RCJmEoV28BqKtYWQzcQYQseTPHW5zzIhqVBBegjmuOxeDh%2FcjP2D%2F4FKHQXjSgUvH0YiX4n1LEtYArIJnAj1FuURhCkc6w%2FdU1S6bT9p2hIh3LKv9KxS1%2FY4GQ2XNShbqiv2aw%3D%3D","environmentVariables":{"STOREID":"1173","MYID":"61f88b887963422eeee1589f","APIKEYV1":"4caf7d84184f3a9333526ff0ac182652bb2514e5c70ceda6db4f02ae728ff241cf6596ce4dfcfed27890c4029004508cee936b7c5e4d2031f7b585cf1dda8bd0","REGION":"southamerica-east1","FIREBASE_CONFIG":"{\"projectId\":\"poc-store-api-v2\",\"storageBucket\":\"poc-store-api-v2.appspot.com\",\"locationId\":\"southamerica-east1\"}","GCLOUD_PROJECT":"poc-store-api-v2"},"runtime":"nodejs16"},"versionId":"1","updateTime":"2022-05-31T17:35:07Z","buildId":"92628494-d0ba-4b83-9f2f-8aacefff018b","buildName":"projects/995101038353/locations/us-east1/builds/92628494-d0ba-4b83-9f2f-8aacefff018b"}}
[debug] [2022-05-31T17:35:29.844Z] [create-default-southamerica-east1-server] Retrying task index 0
[debug] [2022-05-31T17:35:29.846Z] >>> [apiv2][query] GET https://cloudfunctions.googleapis.com/v1/operations/cG9jLXN0b3JlLWFwaS12Mi9zb3V0aGFtZXJpY2EtZWFzdDEvc2VydmVyL3I0a0VPMWtaR1d3 [none]
[debug] [2022-05-31T17:35:30.232Z] <<< [apiv2][status] GET https://cloudfunctions.googleapis.com/v1/operations/cG9jLXN0b3JlLWFwaS12Mi9zb3V0aGFtZXJpY2EtZWFzdDEvc2VydmVyL3I0a0VPMWtaR1d3 200
[debug] [2022-05-31T17:35:30.233Z] <<< [apiv2][body] GET https://cloudfunctions.googleapis.com/v1/operations/cG9jLXN0b3JlLWFwaS12Mi9zb3V0aGFtZXJpY2EtZWFzdDEvc2VydmVyL3I0a0VPMWtaR1d3 {"name":"operations/cG9jLXN0b3JlLWFwaS12Mi9zb3V0aGFtZXJpY2EtZWFzdDEvc2VydmVyL3I0a0VPMWtaR1d3","metadata":{"@type":"type.googleapis.com/google.cloud.functions.v1.OperationMetadataV1","target":"projects/poc-store-api-v2/locations/southamerica-east1/functions/server","type":"CREATE_FUNCTION","request":{"@type":"type.googleapis.com/google.cloud.functions.v1.CloudFunction","name":"projects/poc-store-api-v2/locations/southamerica-east1/functions/server","httpsTrigger":{"securityLevel":"SECURE_ALWAYS"},"entryPoint":"server","labels":{"deployment-tool":"cli-firebase"},"sourceUploadUrl":"https://storage.googleapis.com/uploads-549346555818.southamerica-east1.cloudfunctions.appspot.com/522a842b-d39d-40e8-872d-273fcb6eb8b7.zip?GoogleAccessId=service-995101038353@gcf-admin-robot.iam.gserviceaccount.com&Expires=1654020304&Signature=qjRGjMH1rPSZngNGQDf7ewa%2FTvtiEU9CFkoL%2FtpX93INCcR1uPcZJB%2F3ceXIvbfObIuH8K5xmavysZGq%2FX4WHktYp6cVr9dmeyDwBwpcQ7wbjkPFZp76FAt%2FK2w6vHdLhm%2BTytxw2f6qMo0349s4egr%2FLjhYI7C7vWmFfiUQfpHSBvzLFHD7xce%2BL6pN5DmBFTnJY%2BhWPhj89Bi5RCJmEoV28BqKtYWQzcQYQseTPHW5zzIhqVBBegjmuOxeDh%2FcjP2D%2F4FKHQXjSgUvH0YiX4n1LEtYArIJnAj1FuURhCkc6w%2FdU1S6bT9p2hIh3LKv9KxS1%2FY4GQ2XNShbqiv2aw%3D%3D","environmentVariables":{"STOREID":"1173","MYID":"61f88b887963422eeee1589f","APIKEYV1":"4caf7d84184f3a9333526ff0ac182652bb2514e5c70ceda6db4f02ae728ff241cf6596ce4dfcfed27890c4029004508cee936b7c5e4d2031f7b585cf1dda8bd0","REGION":"southamerica-east1","FIREBASE_CONFIG":"{\"projectId\":\"poc-store-api-v2\",\"storageBucket\":\"poc-store-api-v2.appspot.com\",\"locationId\":\"southamerica-east1\"}","GCLOUD_PROJECT":"poc-store-api-v2"},"runtime":"nodejs16"},"versionId":"1","updateTime":"2022-05-31T17:35:12Z","buildId":"c9ad9159-8e51-4d36-8354-c53473237d27","buildName":"projects/995101038353/locations/southamerica-east1/builds/c9ad9159-8e51-4d36-8354-c53473237d27"}}
[debug] [2022-05-31T17:35:38.388Z] [create-default-us-east1-server] Retrying task index 0
[debug] [2022-05-31T17:35:38.389Z] >>> [apiv2][query] GET https://cloudfunctions.googleapis.com/v1/operations/cG9jLXN0b3JlLWFwaS12Mi91cy1lYXN0MS9zZXJ2ZXIvVkNTWFBNeU1KdEk [none]
[debug] [2022-05-31T17:35:39.244Z] <<< [apiv2][status] GET https://cloudfunctions.googleapis.com/v1/operations/cG9jLXN0b3JlLWFwaS12Mi91cy1lYXN0MS9zZXJ2ZXIvVkNTWFBNeU1KdEk 200
[debug] [2022-05-31T17:35:39.244Z] <<< [apiv2][body] GET https://cloudfunctions.googleapis.com/v1/operations/cG9jLXN0b3JlLWFwaS12Mi91cy1lYXN0MS9zZXJ2ZXIvVkNTWFBNeU1KdEk {"name":"operations/cG9jLXN0b3JlLWFwaS12Mi91cy1lYXN0MS9zZXJ2ZXIvVkNTWFBNeU1KdEk","metadata":{"@type":"type.googleapis.com/google.cloud.functions.v1.OperationMetadataV1","target":"projects/poc-store-api-v2/locations/us-east1/functions/server","type":"CREATE_FUNCTION","request":{"@type":"type.googleapis.com/google.cloud.functions.v1.CloudFunction","name":"projects/poc-store-api-v2/locations/us-east1/functions/server","httpsTrigger":{"securityLevel":"SECURE_ALWAYS"},"entryPoint":"server","labels":{"deployment-tool":"cli-firebase"},"sourceUploadUrl":"https://storage.googleapis.com/uploads-549346555818.southamerica-east1.cloudfunctions.appspot.com/522a842b-d39d-40e8-872d-273fcb6eb8b7.zip?GoogleAccessId=service-995101038353@gcf-admin-robot.iam.gserviceaccount.com&Expires=1654020304&Signature=qjRGjMH1rPSZngNGQDf7ewa%2FTvtiEU9CFkoL%2FtpX93INCcR1uPcZJB%2F3ceXIvbfObIuH8K5xmavysZGq%2FX4WHktYp6cVr9dmeyDwBwpcQ7wbjkPFZp76FAt%2FK2w6vHdLhm%2BTytxw2f6qMo0349s4egr%2FLjhYI7C7vWmFfiUQfpHSBvzLFHD7xce%2BL6pN5DmBFTnJY%2BhWPhj89Bi5RCJmEoV28BqKtYWQzcQYQseTPHW5zzIhqVBBegjmuOxeDh%2FcjP2D%2F4FKHQXjSgUvH0YiX4n1LEtYArIJnAj1FuURhCkc6w%2FdU1S6bT9p2hIh3LKv9KxS1%2FY4GQ2XNShbqiv2aw%3D%3D","environmentVariables":{"STOREID":"1173","MYID":"61f88b887963422eeee1589f","APIKEYV1":"4caf7d84184f3a9333526ff0ac182652bb2514e5c70ceda6db4f02ae728ff241cf6596ce4dfcfed27890c4029004508cee936b7c5e4d2031f7b585cf1dda8bd0","REGION":"southamerica-east1","FIREBASE_CONFIG":"{\"projectId\":\"poc-store-api-v2\",\"storageBucket\":\"poc-store-api-v2.appspot.com\",\"locationId\":\"southamerica-east1\"}","GCLOUD_PROJECT":"poc-store-api-v2"},"runtime":"nodejs16"},"versionId":"1","updateTime":"2022-05-31T17:35:07Z","buildId":"92628494-d0ba-4b83-9f2f-8aacefff018b","buildName":"projects/995101038353/locations/us-east1/builds/92628494-d0ba-4b83-9f2f-8aacefff018b"}}
[debug] [2022-05-31T17:35:40.236Z] [create-default-southamerica-east1-server] Retrying task index 0
[debug] [2022-05-31T17:35:40.237Z] >>> [apiv2][query] GET https://cloudfunctions.googleapis.com/v1/operations/cG9jLXN0b3JlLWFwaS12Mi9zb3V0aGFtZXJpY2EtZWFzdDEvc2VydmVyL3I0a0VPMWtaR1d3 [none]
[debug] [2022-05-31T17:35:40.885Z] <<< [apiv2][status] GET https://cloudfunctions.googleapis.com/v1/operations/cG9jLXN0b3JlLWFwaS12Mi9zb3V0aGFtZXJpY2EtZWFzdDEvc2VydmVyL3I0a0VPMWtaR1d3 200
[debug] [2022-05-31T17:35:40.886Z] <<< [apiv2][body] GET https://cloudfunctions.googleapis.com/v1/operations/cG9jLXN0b3JlLWFwaS12Mi9zb3V0aGFtZXJpY2EtZWFzdDEvc2VydmVyL3I0a0VPMWtaR1d3 {"name":"operations/cG9jLXN0b3JlLWFwaS12Mi9zb3V0aGFtZXJpY2EtZWFzdDEvc2VydmVyL3I0a0VPMWtaR1d3","metadata":{"@type":"type.googleapis.com/google.cloud.functions.v1.OperationMetadataV1","target":"projects/poc-store-api-v2/locations/southamerica-east1/functions/server","type":"CREATE_FUNCTION","request":{"@type":"type.googleapis.com/google.cloud.functions.v1.CloudFunction","name":"projects/poc-store-api-v2/locations/southamerica-east1/functions/server","httpsTrigger":{"securityLevel":"SECURE_ALWAYS"},"entryPoint":"server","labels":{"deployment-tool":"cli-firebase"},"sourceUploadUrl":"https://storage.googleapis.com/uploads-549346555818.southamerica-east1.cloudfunctions.appspot.com/522a842b-d39d-40e8-872d-273fcb6eb8b7.zip?GoogleAccessId=service-995101038353@gcf-admin-robot.iam.gserviceaccount.com&Expires=1654020304&Signature=qjRGjMH1rPSZngNGQDf7ewa%2FTvtiEU9CFkoL%2FtpX93INCcR1uPcZJB%2F3ceXIvbfObIuH8K5xmavysZGq%2FX4WHktYp6cVr9dmeyDwBwpcQ7wbjkPFZp76FAt%2FK2w6vHdLhm%2BTytxw2f6qMo0349s4egr%2FLjhYI7C7vWmFfiUQfpHSBvzLFHD7xce%2BL6pN5DmBFTnJY%2BhWPhj89Bi5RCJmEoV28BqKtYWQzcQYQseTPHW5zzIhqVBBegjmuOxeDh%2FcjP2D%2F4FKHQXjSgUvH0YiX4n1LEtYArIJnAj1FuURhCkc6w%2FdU1S6bT9p2hIh3LKv9KxS1%2FY4GQ2XNShbqiv2aw%3D%3D","environmentVariables":{"STOREID":"1173","MYID":"61f88b887963422eeee1589f","APIKEYV1":"4caf7d84184f3a9333526ff0ac182652bb2514e5c70ceda6db4f02ae728ff241cf6596ce4dfcfed27890c4029004508cee936b7c5e4d2031f7b585cf1dda8bd0","REGION":"southamerica-east1","FIREBASE_CONFIG":"{\"projectId\":\"poc-store-api-v2\",\"storageBucket\":\"poc-store-api-v2.appspot.com\",\"locationId\":\"southamerica-east1\"}","GCLOUD_PROJECT":"poc-store-api-v2"},"runtime":"nodejs16"},"versionId":"1","updateTime":"2022-05-31T17:35:12Z","buildId":"c9ad9159-8e51-4d36-8354-c53473237d27","buildName":"projects/995101038353/locations/southamerica-east1/builds/c9ad9159-8e51-4d36-8354-c53473237d27"}}
[debug] [2022-05-31T17:35:49.252Z] [create-default-us-east1-server] Retrying task index 0
[debug] [2022-05-31T17:35:49.253Z] >>> [apiv2][query] GET https://cloudfunctions.googleapis.com/v1/operations/cG9jLXN0b3JlLWFwaS12Mi91cy1lYXN0MS9zZXJ2ZXIvVkNTWFBNeU1KdEk [none]
[debug] [2022-05-31T17:35:50.103Z] <<< [apiv2][status] GET https://cloudfunctions.googleapis.com/v1/operations/cG9jLXN0b3JlLWFwaS12Mi91cy1lYXN0MS9zZXJ2ZXIvVkNTWFBNeU1KdEk 200
[debug] [2022-05-31T17:35:50.103Z] <<< [apiv2][body] GET https://cloudfunctions.googleapis.com/v1/operations/cG9jLXN0b3JlLWFwaS12Mi91cy1lYXN0MS9zZXJ2ZXIvVkNTWFBNeU1KdEk {"name":"operations/cG9jLXN0b3JlLWFwaS12Mi91cy1lYXN0MS9zZXJ2ZXIvVkNTWFBNeU1KdEk","metadata":{"@type":"type.googleapis.com/google.cloud.functions.v1.OperationMetadataV1","target":"projects/poc-store-api-v2/locations/us-east1/functions/server","type":"CREATE_FUNCTION","request":{"@type":"type.googleapis.com/google.cloud.functions.v1.CloudFunction","name":"projects/poc-store-api-v2/locations/us-east1/functions/server","httpsTrigger":{"securityLevel":"SECURE_ALWAYS"},"entryPoint":"server","labels":{"deployment-tool":"cli-firebase"},"sourceUploadUrl":"https://storage.googleapis.com/uploads-549346555818.southamerica-east1.cloudfunctions.appspot.com/522a842b-d39d-40e8-872d-273fcb6eb8b7.zip?GoogleAccessId=service-995101038353@gcf-admin-robot.iam.gserviceaccount.com&Expires=1654020304&Signature=qjRGjMH1rPSZngNGQDf7ewa%2FTvtiEU9CFkoL%2FtpX93INCcR1uPcZJB%2F3ceXIvbfObIuH8K5xmavysZGq%2FX4WHktYp6cVr9dmeyDwBwpcQ7wbjkPFZp76FAt%2FK2w6vHdLhm%2BTytxw2f6qMo0349s4egr%2FLjhYI7C7vWmFfiUQfpHSBvzLFHD7xce%2BL6pN5DmBFTnJY%2BhWPhj89Bi5RCJmEoV28BqKtYWQzcQYQseTPHW5zzIhqVBBegjmuOxeDh%2FcjP2D%2F4FKHQXjSgUvH0YiX4n1LEtYArIJnAj1FuURhCkc6w%2FdU1S6bT9p2hIh3LKv9KxS1%2FY4GQ2XNShbqiv2aw%3D%3D","environmentVariables":{"STOREID":"1173","MYID":"61f88b887963422eeee1589f","APIKEYV1":"4caf7d84184f3a9333526ff0ac182652bb2514e5c70ceda6db4f02ae728ff241cf6596ce4dfcfed27890c4029004508cee936b7c5e4d2031f7b585cf1dda8bd0","REGION":"southamerica-east1","FIREBASE_CONFIG":"{\"projectId\":\"poc-store-api-v2\",\"storageBucket\":\"poc-store-api-v2.appspot.com\",\"locationId\":\"southamerica-east1\"}","GCLOUD_PROJECT":"poc-store-api-v2"},"runtime":"nodejs16"},"versionId":"1","updateTime":"2022-05-31T17:35:07Z","buildId":"92628494-d0ba-4b83-9f2f-8aacefff018b","buildName":"projects/995101038353/locations/us-east1/builds/92628494-d0ba-4b83-9f2f-8aacefff018b"}}
[debug] [2022-05-31T17:35:50.887Z] [create-default-southamerica-east1-server] Retrying task index 0
[debug] [2022-05-31T17:35:50.887Z] >>> [apiv2][query] GET https://cloudfunctions.googleapis.com/v1/operations/cG9jLXN0b3JlLWFwaS12Mi9zb3V0aGFtZXJpY2EtZWFzdDEvc2VydmVyL3I0a0VPMWtaR1d3 [none]
[debug] [2022-05-31T17:35:51.444Z] <<< [apiv2][status] GET https://cloudfunctions.googleapis.com/v1/operations/cG9jLXN0b3JlLWFwaS12Mi9zb3V0aGFtZXJpY2EtZWFzdDEvc2VydmVyL3I0a0VPMWtaR1d3 200
[debug] [2022-05-31T17:35:51.444Z] <<< [apiv2][body] GET https://cloudfunctions.googleapis.com/v1/operations/cG9jLXN0b3JlLWFwaS12Mi9zb3V0aGFtZXJpY2EtZWFzdDEvc2VydmVyL3I0a0VPMWtaR1d3 {"name":"operations/cG9jLXN0b3JlLWFwaS12Mi9zb3V0aGFtZXJpY2EtZWFzdDEvc2VydmVyL3I0a0VPMWtaR1d3","metadata":{"@type":"type.googleapis.com/google.cloud.functions.v1.OperationMetadataV1","target":"projects/poc-store-api-v2/locations/southamerica-east1/functions/server","type":"CREATE_FUNCTION","request":{"@type":"type.googleapis.com/google.cloud.functions.v1.CloudFunction","name":"projects/poc-store-api-v2/locations/southamerica-east1/functions/server","httpsTrigger":{"securityLevel":"SECURE_ALWAYS"},"entryPoint":"server","labels":{"deployment-tool":"cli-firebase"},"sourceUploadUrl":"https://storage.googleapis.com/uploads-549346555818.southamerica-east1.cloudfunctions.appspot.com/522a842b-d39d-40e8-872d-273fcb6eb8b7.zip?GoogleAccessId=service-995101038353@gcf-admin-robot.iam.gserviceaccount.com&Expires=1654020304&Signature=qjRGjMH1rPSZngNGQDf7ewa%2FTvtiEU9CFkoL%2FtpX93INCcR1uPcZJB%2F3ceXIvbfObIuH8K5xmavysZGq%2FX4WHktYp6cVr9dmeyDwBwpcQ7wbjkPFZp76FAt%2FK2w6vHdLhm%2BTytxw2f6qMo0349s4egr%2FLjhYI7C7vWmFfiUQfpHSBvzLFHD7xce%2BL6pN5DmBFTnJY%2BhWPhj89Bi5RCJmEoV28BqKtYWQzcQYQseTPHW5zzIhqVBBegjmuOxeDh%2FcjP2D%2F4FKHQXjSgUvH0YiX4n1LEtYArIJnAj1FuURhCkc6w%2FdU1S6bT9p2hIh3LKv9KxS1%2FY4GQ2XNShbqiv2aw%3D%3D","environmentVariables":{"STOREID":"1173","MYID":"61f88b887963422eeee1589f","APIKEYV1":"4caf7d84184f3a9333526ff0ac182652bb2514e5c70ceda6db4f02ae728ff241cf6596ce4dfcfed27890c4029004508cee936b7c5e4d2031f7b585cf1dda8bd0","REGION":"southamerica-east1","FIREBASE_CONFIG":"{\"projectId\":\"poc-store-api-v2\",\"storageBucket\":\"poc-store-api-v2.appspot.com\",\"locationId\":\"southamerica-east1\"}","GCLOUD_PROJECT":"poc-store-api-v2"},"runtime":"nodejs16"},"versionId":"1","updateTime":"2022-05-31T17:35:12Z","buildId":"c9ad9159-8e51-4d36-8354-c53473237d27","buildName":"projects/995101038353/locations/southamerica-east1/builds/c9ad9159-8e51-4d36-8354-c53473237d27"}}
[debug] [2022-05-31T17:36:00.112Z] [create-default-us-east1-server] Retrying task index 0
[debug] [2022-05-31T17:36:00.113Z] >>> [apiv2][query] GET https://cloudfunctions.googleapis.com/v1/operations/cG9jLXN0b3JlLWFwaS12Mi91cy1lYXN0MS9zZXJ2ZXIvVkNTWFBNeU1KdEk [none]
[debug] [2022-05-31T17:36:00.970Z] <<< [apiv2][status] GET https://cloudfunctions.googleapis.com/v1/operations/cG9jLXN0b3JlLWFwaS12Mi91cy1lYXN0MS9zZXJ2ZXIvVkNTWFBNeU1KdEk 200
[debug] [2022-05-31T17:36:00.971Z] <<< [apiv2][body] GET https://cloudfunctions.googleapis.com/v1/operations/cG9jLXN0b3JlLWFwaS12Mi91cy1lYXN0MS9zZXJ2ZXIvVkNTWFBNeU1KdEk {"name":"operations/cG9jLXN0b3JlLWFwaS12Mi91cy1lYXN0MS9zZXJ2ZXIvVkNTWFBNeU1KdEk","metadata":{"@type":"type.googleapis.com/google.cloud.functions.v1.OperationMetadataV1","target":"projects/poc-store-api-v2/locations/us-east1/functions/server","type":"CREATE_FUNCTION","request":{"@type":"type.googleapis.com/google.cloud.functions.v1.CloudFunction","name":"projects/poc-store-api-v2/locations/us-east1/functions/server","httpsTrigger":{"securityLevel":"SECURE_ALWAYS"},"entryPoint":"server","labels":{"deployment-tool":"cli-firebase"},"sourceUploadUrl":"https://storage.googleapis.com/uploads-549346555818.southamerica-east1.cloudfunctions.appspot.com/522a842b-d39d-40e8-872d-273fcb6eb8b7.zip?GoogleAccessId=service-995101038353@gcf-admin-robot.iam.gserviceaccount.com&Expires=1654020304&Signature=qjRGjMH1rPSZngNGQDf7ewa%2FTvtiEU9CFkoL%2FtpX93INCcR1uPcZJB%2F3ceXIvbfObIuH8K5xmavysZGq%2FX4WHktYp6cVr9dmeyDwBwpcQ7wbjkPFZp76FAt%2FK2w6vHdLhm%2BTytxw2f6qMo0349s4egr%2FLjhYI7C7vWmFfiUQfpHSBvzLFHD7xce%2BL6pN5DmBFTnJY%2BhWPhj89Bi5RCJmEoV28BqKtYWQzcQYQseTPHW5zzIhqVBBegjmuOxeDh%2FcjP2D%2F4FKHQXjSgUvH0YiX4n1LEtYArIJnAj1FuURhCkc6w%2FdU1S6bT9p2hIh3LKv9KxS1%2FY4GQ2XNShbqiv2aw%3D%3D","environmentVariables":{"STOREID":"1173","MYID":"61f88b887963422eeee1589f","APIKEYV1":"4caf7d84184f3a9333526ff0ac182652bb2514e5c70ceda6db4f02ae728ff241cf6596ce4dfcfed27890c4029004508cee936b7c5e4d2031f7b585cf1dda8bd0","REGION":"southamerica-east1","FIREBASE_CONFIG":"{\"projectId\":\"poc-store-api-v2\",\"storageBucket\":\"poc-store-api-v2.appspot.com\",\"locationId\":\"southamerica-east1\"}","GCLOUD_PROJECT":"poc-store-api-v2"},"runtime":"nodejs16"},"versionId":"1","updateTime":"2022-05-31T17:35:07Z","buildId":"92628494-d0ba-4b83-9f2f-8aacefff018b","buildName":"projects/995101038353/locations/us-east1/builds/92628494-d0ba-4b83-9f2f-8aacefff018b"}}
[debug] [2022-05-31T17:36:01.446Z] [create-default-southamerica-east1-server] Retrying task index 0
[debug] [2022-05-31T17:36:01.448Z] >>> [apiv2][query] GET https://cloudfunctions.googleapis.com/v1/operations/cG9jLXN0b3JlLWFwaS12Mi9zb3V0aGFtZXJpY2EtZWFzdDEvc2VydmVyL3I0a0VPMWtaR1d3 [none]
[debug] [2022-05-31T17:36:02.084Z] <<< [apiv2][status] GET https://cloudfunctions.googleapis.com/v1/operations/cG9jLXN0b3JlLWFwaS12Mi9zb3V0aGFtZXJpY2EtZWFzdDEvc2VydmVyL3I0a0VPMWtaR1d3 200
[debug] [2022-05-31T17:36:02.084Z] <<< [apiv2][body] GET https://cloudfunctions.googleapis.com/v1/operations/cG9jLXN0b3JlLWFwaS12Mi9zb3V0aGFtZXJpY2EtZWFzdDEvc2VydmVyL3I0a0VPMWtaR1d3 {"name":"operations/cG9jLXN0b3JlLWFwaS12Mi9zb3V0aGFtZXJpY2EtZWFzdDEvc2VydmVyL3I0a0VPMWtaR1d3","metadata":{"@type":"type.googleapis.com/google.cloud.functions.v1.OperationMetadataV1","target":"projects/poc-store-api-v2/locations/southamerica-east1/functions/server","type":"CREATE_FUNCTION","request":{"@type":"type.googleapis.com/google.cloud.functions.v1.CloudFunction","name":"projects/poc-store-api-v2/locations/southamerica-east1/functions/server","httpsTrigger":{"securityLevel":"SECURE_ALWAYS"},"entryPoint":"server","labels":{"deployment-tool":"cli-firebase"},"sourceUploadUrl":"https://storage.googleapis.com/uploads-549346555818.southamerica-east1.cloudfunctions.appspot.com/522a842b-d39d-40e8-872d-273fcb6eb8b7.zip?GoogleAccessId=service-995101038353@gcf-admin-robot.iam.gserviceaccount.com&Expires=1654020304&Signature=qjRGjMH1rPSZngNGQDf7ewa%2FTvtiEU9CFkoL%2FtpX93INCcR1uPcZJB%2F3ceXIvbfObIuH8K5xmavysZGq%2FX4WHktYp6cVr9dmeyDwBwpcQ7wbjkPFZp76FAt%2FK2w6vHdLhm%2BTytxw2f6qMo0349s4egr%2FLjhYI7C7vWmFfiUQfpHSBvzLFHD7xce%2BL6pN5DmBFTnJY%2BhWPhj89Bi5RCJmEoV28BqKtYWQzcQYQseTPHW5zzIhqVBBegjmuOxeDh%2FcjP2D%2F4FKHQXjSgUvH0YiX4n1LEtYArIJnAj1FuURhCkc6w%2FdU1S6bT9p2hIh3LKv9KxS1%2FY4GQ2XNShbqiv2aw%3D%3D","environmentVariables":{"STOREID":"1173","MYID":"61f88b887963422eeee1589f","APIKEYV1":"4caf7d84184f3a9333526ff0ac182652bb2514e5c70ceda6db4f02ae728ff241cf6596ce4dfcfed27890c4029004508cee936b7c5e4d2031f7b585cf1dda8bd0","REGION":"southamerica-east1","FIREBASE_CONFIG":"{\"projectId\":\"poc-store-api-v2\",\"storageBucket\":\"poc-store-api-v2.appspot.com\",\"locationId\":\"southamerica-east1\"}","GCLOUD_PROJECT":"poc-store-api-v2"},"runtime":"nodejs16"},"versionId":"1","updateTime":"2022-05-31T17:35:12Z","buildId":"c9ad9159-8e51-4d36-8354-c53473237d27","buildName":"projects/995101038353/locations/southamerica-east1/builds/c9ad9159-8e51-4d36-8354-c53473237d27"}}
[debug] [2022-05-31T17:36:10.980Z] [create-default-us-east1-server] Retrying task index 0
[debug] [2022-05-31T17:36:10.981Z] >>> [apiv2][query] GET https://cloudfunctions.googleapis.com/v1/operations/cG9jLXN0b3JlLWFwaS12Mi91cy1lYXN0MS9zZXJ2ZXIvVkNTWFBNeU1KdEk [none]
[debug] [2022-05-31T17:36:11.875Z] <<< [apiv2][status] GET https://cloudfunctions.googleapis.com/v1/operations/cG9jLXN0b3JlLWFwaS12Mi91cy1lYXN0MS9zZXJ2ZXIvVkNTWFBNeU1KdEk 200
[debug] [2022-05-31T17:36:11.875Z] <<< [apiv2][body] GET https://cloudfunctions.googleapis.com/v1/operations/cG9jLXN0b3JlLWFwaS12Mi91cy1lYXN0MS9zZXJ2ZXIvVkNTWFBNeU1KdEk {"name":"operations/cG9jLXN0b3JlLWFwaS12Mi91cy1lYXN0MS9zZXJ2ZXIvVkNTWFBNeU1KdEk","metadata":{"@type":"type.googleapis.com/google.cloud.functions.v1.OperationMetadataV1","target":"projects/poc-store-api-v2/locations/us-east1/functions/server","type":"CREATE_FUNCTION","request":{"@type":"type.googleapis.com/google.cloud.functions.v1.CloudFunction","name":"projects/poc-store-api-v2/locations/us-east1/functions/server","httpsTrigger":{"securityLevel":"SECURE_ALWAYS"},"entryPoint":"server","labels":{"deployment-tool":"cli-firebase"},"sourceUploadUrl":"https://storage.googleapis.com/uploads-549346555818.southamerica-east1.cloudfunctions.appspot.com/522a842b-d39d-40e8-872d-273fcb6eb8b7.zip?GoogleAccessId=service-995101038353@gcf-admin-robot.iam.gserviceaccount.com&Expires=1654020304&Signature=qjRGjMH1rPSZngNGQDf7ewa%2FTvtiEU9CFkoL%2FtpX93INCcR1uPcZJB%2F3ceXIvbfObIuH8K5xmavysZGq%2FX4WHktYp6cVr9dmeyDwBwpcQ7wbjkPFZp76FAt%2FK2w6vHdLhm%2BTytxw2f6qMo0349s4egr%2FLjhYI7C7vWmFfiUQfpHSBvzLFHD7xce%2BL6pN5DmBFTnJY%2BhWPhj89Bi5RCJmEoV28BqKtYWQzcQYQseTPHW5zzIhqVBBegjmuOxeDh%2FcjP2D%2F4FKHQXjSgUvH0YiX4n1LEtYArIJnAj1FuURhCkc6w%2FdU1S6bT9p2hIh3LKv9KxS1%2FY4GQ2XNShbqiv2aw%3D%3D","environmentVariables":{"STOREID":"1173","MYID":"61f88b887963422eeee1589f","APIKEYV1":"4caf7d84184f3a9333526ff0ac182652bb2514e5c70ceda6db4f02ae728ff241cf6596ce4dfcfed27890c4029004508cee936b7c5e4d2031f7b585cf1dda8bd0","REGION":"southamerica-east1","FIREBASE_CONFIG":"{\"projectId\":\"poc-store-api-v2\",\"storageBucket\":\"poc-store-api-v2.appspot.com\",\"locationId\":\"southamerica-east1\"}","GCLOUD_PROJECT":"poc-store-api-v2"},"runtime":"nodejs16"},"versionId":"1","updateTime":"2022-05-31T17:35:07Z","buildId":"92628494-d0ba-4b83-9f2f-8aacefff018b","sourceToken":"5e30e31e-680c-4281-8d35-36b1918a5bfa","buildName":"projects/995101038353/locations/us-east1/builds/92628494-d0ba-4b83-9f2f-8aacefff018b"}}
[debug] [2022-05-31T17:36:11.875Z] Got source token 5e30e31e-680c-4281-8d35-36b1918a5bfa for region us-east1
[debug] [2022-05-31T17:36:12.085Z] [create-default-southamerica-east1-server] Retrying task index 0
[debug] [2022-05-31T17:36:12.085Z] >>> [apiv2][query] GET https://cloudfunctions.googleapis.com/v1/operations/cG9jLXN0b3JlLWFwaS12Mi9zb3V0aGFtZXJpY2EtZWFzdDEvc2VydmVyL3I0a0VPMWtaR1d3 [none]
[debug] [2022-05-31T17:36:12.725Z] <<< [apiv2][status] GET https://cloudfunctions.googleapis.com/v1/operations/cG9jLXN0b3JlLWFwaS12Mi9zb3V0aGFtZXJpY2EtZWFzdDEvc2VydmVyL3I0a0VPMWtaR1d3 200
[debug] [2022-05-31T17:36:12.725Z] <<< [apiv2][body] GET https://cloudfunctions.googleapis.com/v1/operations/cG9jLXN0b3JlLWFwaS12Mi9zb3V0aGFtZXJpY2EtZWFzdDEvc2VydmVyL3I0a0VPMWtaR1d3 {"name":"operations/cG9jLXN0b3JlLWFwaS12Mi9zb3V0aGFtZXJpY2EtZWFzdDEvc2VydmVyL3I0a0VPMWtaR1d3","metadata":{"@type":"type.googleapis.com/google.cloud.functions.v1.OperationMetadataV1","target":"projects/poc-store-api-v2/locations/southamerica-east1/functions/server","type":"CREATE_FUNCTION","request":{"@type":"type.googleapis.com/google.cloud.functions.v1.CloudFunction","name":"projects/poc-store-api-v2/locations/southamerica-east1/functions/server","httpsTrigger":{"securityLevel":"SECURE_ALWAYS"},"entryPoint":"server","labels":{"deployment-tool":"cli-firebase"},"sourceUploadUrl":"https://storage.googleapis.com/uploads-549346555818.southamerica-east1.cloudfunctions.appspot.com/522a842b-d39d-40e8-872d-273fcb6eb8b7.zip?GoogleAccessId=service-995101038353@gcf-admin-robot.iam.gserviceaccount.com&Expires=1654020304&Signature=qjRGjMH1rPSZngNGQDf7ewa%2FTvtiEU9CFkoL%2FtpX93INCcR1uPcZJB%2F3ceXIvbfObIuH8K5xmavysZGq%2FX4WHktYp6cVr9dmeyDwBwpcQ7wbjkPFZp76FAt%2FK2w6vHdLhm%2BTytxw2f6qMo0349s4egr%2FLjhYI7C7vWmFfiUQfpHSBvzLFHD7xce%2BL6pN5DmBFTnJY%2BhWPhj89Bi5RCJmEoV28BqKtYWQzcQYQseTPHW5zzIhqVBBegjmuOxeDh%2FcjP2D%2F4FKHQXjSgUvH0YiX4n1LEtYArIJnAj1FuURhCkc6w%2FdU1S6bT9p2hIh3LKv9KxS1%2FY4GQ2XNShbqiv2aw%3D%3D","environmentVariables":{"STOREID":"1173","MYID":"61f88b887963422eeee1589f","APIKEYV1":"4caf7d84184f3a9333526ff0ac182652bb2514e5c70ceda6db4f02ae728ff241cf6596ce4dfcfed27890c4029004508cee936b7c5e4d2031f7b585cf1dda8bd0","REGION":"southamerica-east1","FIREBASE_CONFIG":"{\"projectId\":\"poc-store-api-v2\",\"storageBucket\":\"poc-store-api-v2.appspot.com\",\"locationId\":\"southamerica-east1\"}","GCLOUD_PROJECT":"poc-store-api-v2"},"runtime":"nodejs16"},"versionId":"1","updateTime":"2022-05-31T17:35:12Z","buildId":"c9ad9159-8e51-4d36-8354-c53473237d27","buildName":"projects/995101038353/locations/southamerica-east1/builds/c9ad9159-8e51-4d36-8354-c53473237d27"}}
[debug] [2022-05-31T17:36:21.885Z] [create-default-us-east1-server] Retrying task index 0
[debug] [2022-05-31T17:36:21.886Z] >>> [apiv2][query] GET https://cloudfunctions.googleapis.com/v1/operations/cG9jLXN0b3JlLWFwaS12Mi91cy1lYXN0MS9zZXJ2ZXIvVkNTWFBNeU1KdEk [none]
[debug] [2022-05-31T17:36:22.613Z] <<< [apiv2][status] GET https://cloudfunctions.googleapis.com/v1/operations/cG9jLXN0b3JlLWFwaS12Mi91cy1lYXN0MS9zZXJ2ZXIvVkNTWFBNeU1KdEk 200
[debug] [2022-05-31T17:36:22.613Z] <<< [apiv2][body] GET https://cloudfunctions.googleapis.com/v1/operations/cG9jLXN0b3JlLWFwaS12Mi91cy1lYXN0MS9zZXJ2ZXIvVkNTWFBNeU1KdEk {"name":"operations/cG9jLXN0b3JlLWFwaS12Mi91cy1lYXN0MS9zZXJ2ZXIvVkNTWFBNeU1KdEk","metadata":{"@type":"type.googleapis.com/google.cloud.functions.v1.OperationMetadataV1","target":"projects/poc-store-api-v2/locations/us-east1/functions/server","type":"CREATE_FUNCTION","request":{"@type":"type.googleapis.com/google.cloud.functions.v1.CloudFunction","name":"projects/poc-store-api-v2/locations/us-east1/functions/server","httpsTrigger":{"securityLevel":"SECURE_ALWAYS"},"entryPoint":"server","labels":{"deployment-tool":"cli-firebase"},"sourceUploadUrl":"https://storage.googleapis.com/uploads-549346555818.southamerica-east1.cloudfunctions.appspot.com/522a842b-d39d-40e8-872d-273fcb6eb8b7.zip?GoogleAccessId=service-995101038353@gcf-admin-robot.iam.gserviceaccount.com&Expires=1654020304&Signature=qjRGjMH1rPSZngNGQDf7ewa%2FTvtiEU9CFkoL%2FtpX93INCcR1uPcZJB%2F3ceXIvbfObIuH8K5xmavysZGq%2FX4WHktYp6cVr9dmeyDwBwpcQ7wbjkPFZp76FAt%2FK2w6vHdLhm%2BTytxw2f6qMo0349s4egr%2FLjhYI7C7vWmFfiUQfpHSBvzLFHD7xce%2BL6pN5DmBFTnJY%2BhWPhj89Bi5RCJmEoV28BqKtYWQzcQYQseTPHW5zzIhqVBBegjmuOxeDh%2FcjP2D%2F4FKHQXjSgUvH0YiX4n1LEtYArIJnAj1FuURhCkc6w%2FdU1S6bT9p2hIh3LKv9KxS1%2FY4GQ2XNShbqiv2aw%3D%3D","environmentVariables":{"STOREID":"1173","MYID":"61f88b887963422eeee1589f","APIKEYV1":"4caf7d84184f3a9333526ff0ac182652bb2514e5c70ceda6db4f02ae728ff241cf6596ce4dfcfed27890c4029004508cee936b7c5e4d2031f7b585cf1dda8bd0","REGION":"southamerica-east1","FIREBASE_CONFIG":"{\"projectId\":\"poc-store-api-v2\",\"storageBucket\":\"poc-store-api-v2.appspot.com\",\"locationId\":\"southamerica-east1\"}","GCLOUD_PROJECT":"poc-store-api-v2"},"runtime":"nodejs16"},"versionId":"1","updateTime":"2022-05-31T17:35:07Z","buildId":"92628494-d0ba-4b83-9f2f-8aacefff018b","sourceToken":"5e30e31e-680c-4281-8d35-36b1918a5bfa","buildName":"projects/995101038353/locations/us-east1/builds/92628494-d0ba-4b83-9f2f-8aacefff018b"}}
[debug] [2022-05-31T17:36:22.613Z] Got source token 5e30e31e-680c-4281-8d35-36b1918a5bfa for region us-east1
[debug] [2022-05-31T17:36:22.726Z] [create-default-southamerica-east1-server] Retrying task index 0
[debug] [2022-05-31T17:36:22.727Z] >>> [apiv2][query] GET https://cloudfunctions.googleapis.com/v1/operations/cG9jLXN0b3JlLWFwaS12Mi9zb3V0aGFtZXJpY2EtZWFzdDEvc2VydmVyL3I0a0VPMWtaR1d3 [none]
[debug] [2022-05-31T17:36:23.376Z] <<< [apiv2][status] GET https://cloudfunctions.googleapis.com/v1/operations/cG9jLXN0b3JlLWFwaS12Mi9zb3V0aGFtZXJpY2EtZWFzdDEvc2VydmVyL3I0a0VPMWtaR1d3 200
[debug] [2022-05-31T17:36:23.377Z] <<< [apiv2][body] GET https://cloudfunctions.googleapis.com/v1/operations/cG9jLXN0b3JlLWFwaS12Mi9zb3V0aGFtZXJpY2EtZWFzdDEvc2VydmVyL3I0a0VPMWtaR1d3 {"name":"operations/cG9jLXN0b3JlLWFwaS12Mi9zb3V0aGFtZXJpY2EtZWFzdDEvc2VydmVyL3I0a0VPMWtaR1d3","metadata":{"@type":"type.googleapis.com/google.cloud.functions.v1.OperationMetadataV1","target":"projects/poc-store-api-v2/locations/southamerica-east1/functions/server","type":"CREATE_FUNCTION","request":{"@type":"type.googleapis.com/google.cloud.functions.v1.CloudFunction","name":"projects/poc-store-api-v2/locations/southamerica-east1/functions/server","httpsTrigger":{"securityLevel":"SECURE_ALWAYS"},"entryPoint":"server","labels":{"deployment-tool":"cli-firebase"},"sourceUploadUrl":"https://storage.googleapis.com/uploads-549346555818.southamerica-east1.cloudfunctions.appspot.com/522a842b-d39d-40e8-872d-273fcb6eb8b7.zip?GoogleAccessId=service-995101038353@gcf-admin-robot.iam.gserviceaccount.com&Expires=1654020304&Signature=qjRGjMH1rPSZngNGQDf7ewa%2FTvtiEU9CFkoL%2FtpX93INCcR1uPcZJB%2F3ceXIvbfObIuH8K5xmavysZGq%2FX4WHktYp6cVr9dmeyDwBwpcQ7wbjkPFZp76FAt%2FK2w6vHdLhm%2BTytxw2f6qMo0349s4egr%2FLjhYI7C7vWmFfiUQfpHSBvzLFHD7xce%2BL6pN5DmBFTnJY%2BhWPhj89Bi5RCJmEoV28BqKtYWQzcQYQseTPHW5zzIhqVBBegjmuOxeDh%2FcjP2D%2F4FKHQXjSgUvH0YiX4n1LEtYArIJnAj1FuURhCkc6w%2FdU1S6bT9p2hIh3LKv9KxS1%2FY4GQ2XNShbqiv2aw%3D%3D","environmentVariables":{"STOREID":"1173","MYID":"61f88b887963422eeee1589f","APIKEYV1":"4caf7d84184f3a9333526ff0ac182652bb2514e5c70ceda6db4f02ae728ff241cf6596ce4dfcfed27890c4029004508cee936b7c5e4d2031f7b585cf1dda8bd0","REGION":"southamerica-east1","FIREBASE_CONFIG":"{\"projectId\":\"poc-store-api-v2\",\"storageBucket\":\"poc-store-api-v2.appspot.com\",\"locationId\":\"southamerica-east1\"}","GCLOUD_PROJECT":"poc-store-api-v2"},"runtime":"nodejs16"},"versionId":"1","updateTime":"2022-05-31T17:35:12Z","buildId":"c9ad9159-8e51-4d36-8354-c53473237d27","buildName":"projects/995101038353/locations/southamerica-east1/builds/c9ad9159-8e51-4d36-8354-c53473237d27"}}
[debug] [2022-05-31T17:37:22.001Z] ----------------------------------------------------------------------
[debug] [2022-05-31T17:37:22.003Z] Command:       /usr/bin/node /usr/bin/firebase deploy --only functions
[debug] [2022-05-31T17:37:22.004Z] CLI Version:   11.0.1
[debug] [2022-05-31T17:37:22.004Z] Platform:      linux
[debug] [2022-05-31T17:37:22.004Z] Node Version:  v16.15.0
[debug] [2022-05-31T17:37:22.004Z] Time:          Tue May 31 2022 14:37:22 GMT-0300 (Horário Padrão de Brasília)
[debug] [2022-05-31T17:37:22.004Z] ----------------------------------------------------------------------
[debug] 
[debug] [2022-05-31T17:37:22.062Z] > command requires scopes: ["email","openid","https://www.googleapis.com/auth/cloudplatformprojects.readonly","https://www.googleapis.com/auth/firebase","https://www.googleapis.com/auth/cloud-platform"]
[debug] [2022-05-31T17:37:22.062Z] > authorizing via signed-in user (wis.tech7l@gmail.com)
[debug] [2022-05-31T17:37:22.062Z] [iam] checking project poc-store-api-v2 for permissions ["cloudfunctions.functions.create","cloudfunctions.functions.delete","cloudfunctions.functions.get","cloudfunctions.functions.list","cloudfunctions.functions.update","cloudfunctions.operations.get","firebase.projects.get"]
[debug] [2022-05-31T17:37:22.064Z] >>> [apiv2][query] POST https://cloudresourcemanager.googleapis.com/v1/projects/poc-store-api-v2:testIamPermissions [none]
[debug] [2022-05-31T17:37:22.064Z] >>> [apiv2][body] POST https://cloudresourcemanager.googleapis.com/v1/projects/poc-store-api-v2:testIamPermissions {"permissions":["cloudfunctions.functions.create","cloudfunctions.functions.delete","cloudfunctions.functions.get","cloudfunctions.functions.list","cloudfunctions.functions.update","cloudfunctions.operations.get","firebase.projects.get"]}
[debug] [2022-05-31T17:37:28.120Z] <<< [apiv2][status] POST https://cloudresourcemanager.googleapis.com/v1/projects/poc-store-api-v2:testIamPermissions 200
[debug] [2022-05-31T17:37:28.121Z] <<< [apiv2][body] POST https://cloudresourcemanager.googleapis.com/v1/projects/poc-store-api-v2:testIamPermissions {"permissions":["cloudfunctions.functions.create","cloudfunctions.functions.delete","cloudfunctions.functions.get","cloudfunctions.functions.list","cloudfunctions.functions.update","cloudfunctions.operations.get","firebase.projects.get"]}
[debug] [2022-05-31T17:37:28.122Z] >>> [apiv2][query] POST https://iam.googleapis.com/v1/projects/poc-store-api-v2/serviceAccounts/poc-store-api-v2@appspot.gserviceaccount.com:testIamPermissions [none]
[debug] [2022-05-31T17:37:28.122Z] >>> [apiv2][body] POST https://iam.googleapis.com/v1/projects/poc-store-api-v2/serviceAccounts/poc-store-api-v2@appspot.gserviceaccount.com:testIamPermissions {"permissions":["iam.serviceAccounts.actAs"]}
[debug] [2022-05-31T17:47:12.534Z] ----------------------------------------------------------------------
[debug] [2022-05-31T17:47:12.537Z] Command:       /usr/bin/node /usr/bin/firebase deploy
[debug] [2022-05-31T17:47:12.537Z] CLI Version:   11.0.1
[debug] [2022-05-31T17:47:12.538Z] Platform:      linux
[debug] [2022-05-31T17:47:12.538Z] Node Version:  v16.15.0
[debug] [2022-05-31T17:47:12.538Z] Time:          Tue May 31 2022 14:47:12 GMT-0300 (Horário Padrão de Brasília)
[debug] [2022-05-31T17:47:12.539Z] ----------------------------------------------------------------------
[debug] 
[debug] [2022-05-31T17:47:12.597Z] > command requires scopes: ["email","openid","https://www.googleapis.com/auth/cloudplatformprojects.readonly","https://www.googleapis.com/auth/firebase","https://www.googleapis.com/auth/cloud-platform"]
[debug] [2022-05-31T17:47:12.598Z] > authorizing via signed-in user (wis.tech7l@gmail.com)
[debug] [2022-05-31T17:47:12.598Z] [iam] checking project poc-store-api-v2 for permissions ["cloudfunctions.functions.create","cloudfunctions.functions.delete","cloudfunctions.functions.get","cloudfunctions.functions.list","cloudfunctions.functions.update","cloudfunctions.operations.get","firebase.projects.get"]
[debug] [2022-05-31T17:47:12.600Z] >>> [apiv2][query] POST https://cloudresourcemanager.googleapis.com/v1/projects/poc-store-api-v2:testIamPermissions [none]
[debug] [2022-05-31T17:47:12.600Z] >>> [apiv2][body] POST https://cloudresourcemanager.googleapis.com/v1/projects/poc-store-api-v2:testIamPermissions {"permissions":["cloudfunctions.functions.create","cloudfunctions.functions.delete","cloudfunctions.functions.get","cloudfunctions.functions.list","cloudfunctions.functions.update","cloudfunctions.operations.get","firebase.projects.get"]}
[debug] [2022-05-31T17:47:18.562Z] <<< [apiv2][status] POST https://cloudresourcemanager.googleapis.com/v1/projects/poc-store-api-v2:testIamPermissions 200
[debug] [2022-05-31T17:47:18.563Z] <<< [apiv2][body] POST https://cloudresourcemanager.googleapis.com/v1/projects/poc-store-api-v2:testIamPermissions {"permissions":["cloudfunctions.functions.create","cloudfunctions.functions.delete","cloudfunctions.functions.get","cloudfunctions.functions.list","cloudfunctions.functions.update","cloudfunctions.operations.get","firebase.projects.get"]}
[debug] [2022-05-31T17:47:18.564Z] >>> [apiv2][query] POST https://iam.googleapis.com/v1/projects/poc-store-api-v2/serviceAccounts/poc-store-api-v2@appspot.gserviceaccount.com:testIamPermissions [none]
[debug] [2022-05-31T17:47:18.565Z] >>> [apiv2][body] POST https://iam.googleapis.com/v1/projects/poc-store-api-v2/serviceAccounts/poc-store-api-v2@appspot.gserviceaccount.com:testIamPermissions {"permissions":["iam.serviceAccounts.actAs"]}
